DEBUG - 2025-06-04 00:11:57 --> Session: Class initialized using 'CodeIgniter\Session\Handlers\FileHandler' driver.
DEBUG - 2025-06-04 00:12:03 --> Session: Class initialized using 'CodeIgniter\Session\Handlers\FileHandler' driver.
DEBUG - 2025-06-04 00:12:03 --> Session: Class initialized using 'CodeIgniter\Session\Handlers\FileHandler' driver.
DEBUG - 2025-06-04 00:12:04 --> Session: Class initialized using 'CodeIgniter\Session\Handlers\FileHandler' driver.
DEBUG - 2025-06-04 00:14:15 --> Session: Class initialized using 'CodeIgniter\Session\Handlers\FileHandler' driver.
DEBUG - 2025-06-04 00:16:03 --> Session: Class initialized using 'CodeIgniter\Session\Handlers\FileHandler' driver.
DEBUG - 2025-06-04 00:16:13 --> Session: Class initialized using 'CodeIgniter\Session\Handlers\FileHandler' driver.
DEBUG - 2025-06-04 00:21:44 --> Session: Class initialized using 'CodeIgniter\Session\Handlers\FileHandler' driver.
DEBUG - 2025-06-04 00:21:52 --> Session: Class initialized using 'CodeIgniter\Session\Handlers\FileHandler' driver.
DEBUG - 2025-06-04 00:22:01 --> Session: Class initialized using 'CodeIgniter\Session\Handlers\FileHandler' driver.
DEBUG - 2025-06-04 00:22:01 --> Session: Class initialized using 'CodeIgniter\Session\Handlers\FileHandler' driver.
DEBUG - 2025-06-04 00:22:05 --> Session: Class initialized using 'CodeIgniter\Session\Handlers\FileHandler' driver.
DEBUG - 2025-06-04 00:22:42 --> Session: Class initialized using 'CodeIgniter\Session\Handlers\FileHandler' driver.
DEBUG - 2025-06-04 00:22:44 --> Session: Class initialized using 'CodeIgniter\Session\Handlers\FileHandler' driver.
INFO - 2025-06-04 00:22:44 --> Cart Class Initialized
DEBUG - 2025-06-04 00:22:46 --> Session: Class initialized using 'CodeIgniter\Session\Handlers\FileHandler' driver.
INFO - 2025-06-04 00:22:46 --> Cart Class Initialized
DEBUG - 2025-06-04 00:22:46 --> Session: Class initialized using 'CodeIgniter\Session\Handlers\FileHandler' driver.
INFO - 2025-06-04 00:22:46 --> Cart Class Initialized
DEBUG - 2025-06-04 00:22:48 --> Session: Class initialized using 'CodeIgniter\Session\Handlers\FileHandler' driver.
INFO - 2025-06-04 00:22:48 --> Cart Class Initialized
DEBUG - 2025-06-04 00:22:48 --> Session: Class initialized using 'CodeIgniter\Session\Handlers\FileHandler' driver.
INFO - 2025-06-04 00:22:48 --> Cart Class Initialized
DEBUG - 2025-06-04 00:22:51 --> Session: Class initialized using 'CodeIgniter\Session\Handlers\FileHandler' driver.
INFO - 2025-06-04 00:22:51 --> Cart Class Initialized
DEBUG - 2025-06-04 00:22:57 --> Session: Class initialized using 'CodeIgniter\Session\Handlers\FileHandler' driver.
INFO - 2025-06-04 00:22:57 --> Cart Class Initialized
DEBUG - 2025-06-04 00:22:57 --> Session: Class initialized using 'CodeIgniter\Session\Handlers\FileHandler' driver.
INFO - 2025-06-04 00:22:57 --> Cart Class Initialized
DEBUG - 2025-06-04 00:23:00 --> Session: Class initialized using 'CodeIgniter\Session\Handlers\FileHandler' driver.
INFO - 2025-06-04 00:23:00 --> Cart Class Initialized
DEBUG - 2025-06-04 00:23:00 --> Session: Class initialized using 'CodeIgniter\Session\Handlers\FileHandler' driver.
INFO - 2025-06-04 00:23:00 --> Cart Class Initialized
DEBUG - 2025-06-04 00:23:03 --> Session: Class initialized using 'CodeIgniter\Session\Handlers\FileHandler' driver.
INFO - 2025-06-04 00:23:03 --> Cart Class Initialized
DEBUG - 2025-06-04 00:23:09 --> Session: Class initialized using 'CodeIgniter\Session\Handlers\FileHandler' driver.
DEBUG - 2025-06-04 00:23:10 --> Session: Class initialized using 'CodeIgniter\Session\Handlers\FileHandler' driver.
DEBUG - 2025-06-04 00:23:11 --> Session: Class initialized using 'CodeIgniter\Session\Handlers\FileHandler' driver.
DEBUG - 2025-06-04 00:23:13 --> Session: Class initialized using 'CodeIgniter\Session\Handlers\FileHandler' driver.
INFO - 2025-06-04 00:23:13 --> Cart Class Initialized
DEBUG - 2025-06-04 00:23:16 --> Session: Class initialized using 'CodeIgniter\Session\Handlers\FileHandler' driver.
DEBUG - 2025-06-04 00:23:16 --> Session: Class initialized using 'CodeIgniter\Session\Handlers\FileHandler' driver.
DEBUG - 2025-06-04 00:57:36 --> Session: Class initialized using 'CodeIgniter\Session\Handlers\FileHandler' driver.
DEBUG - 2025-06-04 00:58:30 --> Session: Class initialized using 'CodeIgniter\Session\Handlers\FileHandler' driver.
DEBUG - 2025-06-04 00:58:36 --> Session: Class initialized using 'CodeIgniter\Session\Handlers\FileHandler' driver.
DEBUG - 2025-06-04 00:59:29 --> Session: Class initialized using 'CodeIgniter\Session\Handlers\FileHandler' driver.
DEBUG - 2025-06-04 01:00:45 --> Session: Class initialized using 'CodeIgniter\Session\Handlers\FileHandler' driver.
DEBUG - 2025-06-04 01:03:07 --> Session: Class initialized using 'CodeIgniter\Session\Handlers\FileHandler' driver.
INFO - 2025-06-04 01:03:08 --> Cart Class Initialized
DEBUG - 2025-06-04 01:03:12 --> Session: Class initialized using 'CodeIgniter\Session\Handlers\FileHandler' driver.
DEBUG - 2025-06-04 01:07:24 --> Session: Class initialized using 'CodeIgniter\Session\Handlers\FileHandler' driver.
INFO - 2025-06-04 01:07:24 --> Cart Class Initialized
DEBUG - 2025-06-04 01:07:28 --> Session: Class initialized using 'CodeIgniter\Session\Handlers\FileHandler' driver.
DEBUG - 2025-06-04 01:16:07 --> Session: Class initialized using 'CodeIgniter\Session\Handlers\FileHandler' driver.
DEBUG - 2025-06-04 12:57:32 --> Session: Class initialized using 'CodeIgniter\Session\Handlers\FileHandler' driver.
DEBUG - 2025-06-04 12:57:49 --> Session: Class initialized using 'CodeIgniter\Session\Handlers\FileHandler' driver.
INFO - 2025-06-04 12:57:49 --> Cart Class Initialized
DEBUG - 2025-06-04 12:58:12 --> Session: Class initialized using 'CodeIgniter\Session\Handlers\FileHandler' driver.
DEBUG - 2025-06-04 12:58:12 --> Session: Class initialized using 'CodeIgniter\Session\Handlers\FileHandler' driver.
DEBUG - 2025-06-04 12:58:17 --> Session: Class initialized using 'CodeIgniter\Session\Handlers\FileHandler' driver.
INFO - 2025-06-04 12:58:17 --> Cart Class Initialized
DEBUG - 2025-06-04 14:21:28 --> Session: Class initialized using 'CodeIgniter\Session\Handlers\FileHandler' driver.
DEBUG - 2025-06-04 14:21:31 --> Session: Class initialized using 'CodeIgniter\Session\Handlers\FileHandler' driver.
DEBUG - 2025-06-04 14:21:33 --> Session: Class initialized using 'CodeIgniter\Session\Handlers\FileHandler' driver.
INFO - 2025-06-04 14:21:33 --> Cart Class Initialized
DEBUG - 2025-06-04 14:21:40 --> Session: Class initialized using 'CodeIgniter\Session\Handlers\FileHandler' driver.
DEBUG - 2025-06-04 14:21:40 --> Session: Class initialized using 'CodeIgniter\Session\Handlers\FileHandler' driver.
DEBUG - 2025-06-04 14:21:44 --> Session: Class initialized using 'CodeIgniter\Session\Handlers\FileHandler' driver.
INFO - 2025-06-04 14:21:44 --> Cart Class Initialized
DEBUG - 2025-06-04 14:21:46 --> Session: Class initialized using 'CodeIgniter\Session\Handlers\FileHandler' driver.
DEBUG - 2025-06-04 14:21:59 --> Session: Class initialized using 'CodeIgniter\Session\Handlers\FileHandler' driver.
INFO - 2025-06-04 14:21:59 --> Cart Class Initialized
DEBUG - 2025-06-04 14:22:28 --> Session: Class initialized using 'CodeIgniter\Session\Handlers\FileHandler' driver.
DEBUG - 2025-06-04 14:22:35 --> Session: Class initialized using 'CodeIgniter\Session\Handlers\FileHandler' driver.
DEBUG - 2025-06-04 14:22:36 --> Session: Class initialized using 'CodeIgniter\Session\Handlers\FileHandler' driver.
DEBUG - 2025-06-04 14:22:36 --> Session: Class initialized using 'CodeIgniter\Session\Handlers\FileHandler' driver.
DEBUG - 2025-06-04 14:22:42 --> Session: Class initialized using 'CodeIgniter\Session\Handlers\FileHandler' driver.
INFO - 2025-06-04 14:22:42 --> Cart Class Initialized
DEBUG - 2025-06-04 14:22:44 --> Session: Class initialized using 'CodeIgniter\Session\Handlers\FileHandler' driver.
INFO - 2025-06-04 14:22:44 --> Cart Class Initialized
DEBUG - 2025-06-04 14:22:50 --> Session: Class initialized using 'CodeIgniter\Session\Handlers\FileHandler' driver.
INFO - 2025-06-04 14:22:50 --> Cart Class Initialized
DEBUG - 2025-06-04 14:22:50 --> Session: Class initialized using 'CodeIgniter\Session\Handlers\FileHandler' driver.
INFO - 2025-06-04 14:22:50 --> Cart Class Initialized
DEBUG - 2025-06-04 14:22:52 --> Session: Class initialized using 'CodeIgniter\Session\Handlers\FileHandler' driver.
INFO - 2025-06-04 14:22:52 --> Cart Class Initialized
DEBUG - 2025-06-04 14:22:55 --> Session: Class initialized using 'CodeIgniter\Session\Handlers\FileHandler' driver.
INFO - 2025-06-04 14:22:55 --> Cart Class Initialized
DEBUG - 2025-06-04 14:22:56 --> Session: Class initialized using 'CodeIgniter\Session\Handlers\FileHandler' driver.
INFO - 2025-06-04 14:22:56 --> Cart Class Initialized
DEBUG - 2025-06-04 14:22:58 --> Session: Class initialized using 'CodeIgniter\Session\Handlers\FileHandler' driver.
INFO - 2025-06-04 14:22:58 --> Cart Class Initialized
DEBUG - 2025-06-04 14:23:09 --> Session: Class initialized using 'CodeIgniter\Session\Handlers\FileHandler' driver.
DEBUG - 2025-06-04 14:23:17 --> Session: Class initialized using 'CodeIgniter\Session\Handlers\FileHandler' driver.
INFO - 2025-06-04 14:23:17 --> Cart Class Initialized
DEBUG - 2025-06-04 14:23:21 --> Session: Class initialized using 'CodeIgniter\Session\Handlers\FileHandler' driver.
INFO - 2025-06-04 14:23:21 --> Cart Class Initialized
DEBUG - 2025-06-04 14:23:29 --> Session: Class initialized using 'CodeIgniter\Session\Handlers\FileHandler' driver.
INFO - 2025-06-04 14:23:29 --> Cart Class Initialized
DEBUG - 2025-06-04 14:23:33 --> Session: Class initialized using 'CodeIgniter\Session\Handlers\FileHandler' driver.
DEBUG - 2025-06-04 14:23:33 --> Session: Class initialized using 'CodeIgniter\Session\Handlers\FileHandler' driver.
DEBUG - 2025-06-04 18:03:13 --> Session: Class initialized using 'CodeIgniter\Session\Handlers\FileHandler' driver.
DEBUG - 2025-06-04 18:05:27 --> Session: Class initialized using 'CodeIgniter\Session\Handlers\FileHandler' driver.
DEBUG - 2025-06-04 18:05:31 --> Session: Class initialized using 'CodeIgniter\Session\Handlers\FileHandler' driver.
DEBUG - 2025-06-04 18:05:32 --> Session: Class initialized using 'CodeIgniter\Session\Handlers\FileHandler' driver.
DEBUG - 2025-06-04 18:05:34 --> Session: Class initialized using 'CodeIgniter\Session\Handlers\FileHandler' driver.
INFO - 2025-06-04 18:05:34 --> Cart Class Initialized
DEBUG - 2025-06-04 18:05:36 --> Session: Class initialized using 'CodeIgniter\Session\Handlers\FileHandler' driver.
INFO - 2025-06-04 18:05:36 --> Cart Class Initialized
DEBUG - 2025-06-04 18:05:36 --> Session: Class initialized using 'CodeIgniter\Session\Handlers\FileHandler' driver.
INFO - 2025-06-04 18:05:36 --> Cart Class Initialized
DEBUG - 2025-06-04 18:05:38 --> Session: Class initialized using 'CodeIgniter\Session\Handlers\FileHandler' driver.
INFO - 2025-06-04 18:05:38 --> Cart Class Initialized
DEBUG - 2025-06-04 18:05:38 --> Session: Class initialized using 'CodeIgniter\Session\Handlers\FileHandler' driver.
INFO - 2025-06-04 18:05:38 --> Cart Class Initialized
DEBUG - 2025-06-04 18:05:40 --> Session: Class initialized using 'CodeIgniter\Session\Handlers\FileHandler' driver.
INFO - 2025-06-04 18:05:40 --> Cart Class Initialized
DEBUG - 2025-06-04 18:05:53 --> Session: Class initialized using 'CodeIgniter\Session\Handlers\FileHandler' driver.
INFO - 2025-06-04 18:05:53 --> Cart Class Initialized
DEBUG - 2025-06-04 18:05:53 --> Session: Class initialized using 'CodeIgniter\Session\Handlers\FileHandler' driver.
INFO - 2025-06-04 18:05:53 --> Cart Class Initialized
DEBUG - 2025-06-04 18:07:12 --> Session: Class initialized using 'CodeIgniter\Session\Handlers\FileHandler' driver.
INFO - 2025-06-04 18:07:12 --> Cart Class Initialized
DEBUG - 2025-06-04 18:07:15 --> Session: Class initialized using 'CodeIgniter\Session\Handlers\FileHandler' driver.
INFO - 2025-06-04 18:07:15 --> Cart Class Initialized
DEBUG - 2025-06-04 18:07:17 --> Session: Class initialized using 'CodeIgniter\Session\Handlers\FileHandler' driver.
INFO - 2025-06-04 18:07:17 --> Cart Class Initialized
DEBUG - 2025-06-04 18:09:35 --> Session: Class initialized using 'CodeIgniter\Session\Handlers\FileHandler' driver.
INFO - 2025-06-04 18:09:35 --> Cart Class Initialized
DEBUG - 2025-06-04 18:09:38 --> Session: Class initialized using 'CodeIgniter\Session\Handlers\FileHandler' driver.
INFO - 2025-06-04 18:09:38 --> Cart Class Initialized
DEBUG - 2025-06-04 18:09:54 --> Session: Class initialized using 'CodeIgniter\Session\Handlers\FileHandler' driver.
INFO - 2025-06-04 18:09:54 --> Cart Class Initialized
DEBUG - 2025-06-04 18:09:55 --> Session: Class initialized using 'CodeIgniter\Session\Handlers\FileHandler' driver.
INFO - 2025-06-04 18:09:55 --> Cart Class Initialized
DEBUG - 2025-06-04 18:09:57 --> Session: Class initialized using 'CodeIgniter\Session\Handlers\FileHandler' driver.
INFO - 2025-06-04 18:09:57 --> Cart Class Initialized
DEBUG - 2025-06-04 18:09:57 --> Session: Class initialized using 'CodeIgniter\Session\Handlers\FileHandler' driver.
INFO - 2025-06-04 18:09:57 --> Cart Class Initialized
DEBUG - 2025-06-04 18:09:59 --> Session: Class initialized using 'CodeIgniter\Session\Handlers\FileHandler' driver.
INFO - 2025-06-04 18:09:59 --> Cart Class Initialized
DEBUG - 2025-06-04 18:10:06 --> Session: Class initialized using 'CodeIgniter\Session\Handlers\FileHandler' driver.
INFO - 2025-06-04 18:10:06 --> Cart Class Initialized
DEBUG - 2025-06-04 18:10:08 --> Session: Class initialized using 'CodeIgniter\Session\Handlers\FileHandler' driver.
INFO - 2025-06-04 18:10:08 --> Cart Class Initialized
DEBUG - 2025-06-04 18:10:08 --> Session: Class initialized using 'CodeIgniter\Session\Handlers\FileHandler' driver.
INFO - 2025-06-04 18:10:08 --> Cart Class Initialized
DEBUG - 2025-06-04 18:10:10 --> Session: Class initialized using 'CodeIgniter\Session\Handlers\FileHandler' driver.
INFO - 2025-06-04 18:10:10 --> Cart Class Initialized
DEBUG - 2025-06-04 18:15:09 --> Session: Class initialized using 'CodeIgniter\Session\Handlers\FileHandler' driver.
INFO - 2025-06-04 18:15:09 --> Cart Class Initialized
DEBUG - 2025-06-04 18:15:12 --> Session: Class initialized using 'CodeIgniter\Session\Handlers\FileHandler' driver.
INFO - 2025-06-04 18:15:12 --> Cart Class Initialized
DEBUG - 2025-06-04 18:15:12 --> Session: Class initialized using 'CodeIgniter\Session\Handlers\FileHandler' driver.
INFO - 2025-06-04 18:15:12 --> Cart Class Initialized
DEBUG - 2025-06-04 18:15:19 --> Session: Class initialized using 'CodeIgniter\Session\Handlers\FileHandler' driver.
INFO - 2025-06-04 18:15:19 --> Cart Class Initialized
DEBUG - 2025-06-04 18:15:34 --> Session: Class initialized using 'CodeIgniter\Session\Handlers\FileHandler' driver.
INFO - 2025-06-04 18:15:34 --> Cart Class Initialized
DEBUG - 2025-06-04 18:15:35 --> Session: Class initialized using 'CodeIgniter\Session\Handlers\FileHandler' driver.
INFO - 2025-06-04 18:15:35 --> Cart Class Initialized
DEBUG - 2025-06-04 18:15:41 --> Session: Class initialized using 'CodeIgniter\Session\Handlers\FileHandler' driver.
INFO - 2025-06-04 18:15:41 --> Cart Class Initialized
DEBUG - 2025-06-04 18:15:44 --> Session: Class initialized using 'CodeIgniter\Session\Handlers\FileHandler' driver.
INFO - 2025-06-04 18:15:44 --> Cart Class Initialized
DEBUG - 2025-06-04 18:15:45 --> Session: Class initialized using 'CodeIgniter\Session\Handlers\FileHandler' driver.
INFO - 2025-06-04 18:15:45 --> Cart Class Initialized
DEBUG - 2025-06-04 18:15:49 --> Session: Class initialized using 'CodeIgniter\Session\Handlers\FileHandler' driver.
INFO - 2025-06-04 18:15:49 --> Cart Class Initialized
DEBUG - 2025-06-04 18:15:50 --> Session: Class initialized using 'CodeIgniter\Session\Handlers\FileHandler' driver.
INFO - 2025-06-04 18:15:50 --> Cart Class Initialized
DEBUG - 2025-06-04 18:19:51 --> Session: Class initialized using 'CodeIgniter\Session\Handlers\FileHandler' driver.
DEBUG - 2025-06-04 18:20:11 --> Session: Class initialized using 'CodeIgniter\Session\Handlers\FileHandler' driver.
INFO - 2025-06-04 18:20:11 --> Cart Class Initialized
DEBUG - 2025-06-04 18:25:20 --> Session: Class initialized using 'CodeIgniter\Session\Handlers\FileHandler' driver.
INFO - 2025-06-04 18:25:20 --> Cart Class Initialized
DEBUG - 2025-06-04 18:39:50 --> Session: Class initialized using 'CodeIgniter\Session\Handlers\FileHandler' driver.
INFO - 2025-06-04 18:39:50 --> Cart Class Initialized
DEBUG - 2025-06-04 18:39:52 --> Session: Class initialized using 'CodeIgniter\Session\Handlers\FileHandler' driver.
INFO - 2025-06-04 18:39:52 --> Cart Class Initialized
DEBUG - 2025-06-04 18:39:52 --> Session: Class initialized using 'CodeIgniter\Session\Handlers\FileHandler' driver.
INFO - 2025-06-04 18:39:52 --> Cart Class Initialized
DEBUG - 2025-06-04 18:39:54 --> Session: Class initialized using 'CodeIgniter\Session\Handlers\FileHandler' driver.
INFO - 2025-06-04 18:39:54 --> Cart Class Initialized
DEBUG - 2025-06-04 18:39:58 --> Session: Class initialized using 'CodeIgniter\Session\Handlers\FileHandler' driver.
INFO - 2025-06-04 18:39:58 --> Cart Class Initialized
DEBUG - 2025-06-04 18:39:58 --> Session: Class initialized using 'CodeIgniter\Session\Handlers\FileHandler' driver.
INFO - 2025-06-04 18:39:58 --> Cart Class Initialized
DEBUG - 2025-06-04 18:40:01 --> Session: Class initialized using 'CodeIgniter\Session\Handlers\FileHandler' driver.
INFO - 2025-06-04 18:40:01 --> Cart Class Initialized
DEBUG - 2025-06-04 18:40:01 --> Session: Class initialized using 'CodeIgniter\Session\Handlers\FileHandler' driver.
INFO - 2025-06-04 18:40:01 --> Cart Class Initialized
DEBUG - 2025-06-04 18:40:03 --> Session: Class initialized using 'CodeIgniter\Session\Handlers\FileHandler' driver.
INFO - 2025-06-04 18:40:03 --> Cart Class Initialized
DEBUG - 2025-06-04 18:56:31 --> Session: Class initialized using 'CodeIgniter\Session\Handlers\FileHandler' driver.
INFO - 2025-06-04 18:56:31 --> Cart Class Initialized
DEBUG - 2025-06-04 18:56:34 --> Session: Class initialized using 'CodeIgniter\Session\Handlers\FileHandler' driver.
INFO - 2025-06-04 18:56:34 --> Cart Class Initialized
DEBUG - 2025-06-04 18:56:35 --> Session: Class initialized using 'CodeIgniter\Session\Handlers\FileHandler' driver.
INFO - 2025-06-04 18:56:35 --> Cart Class Initialized
DEBUG - 2025-06-04 18:56:36 --> Session: Class initialized using 'CodeIgniter\Session\Handlers\FileHandler' driver.
INFO - 2025-06-04 18:56:36 --> Cart Class Initialized
DEBUG - 2025-06-04 18:56:37 --> Session: Class initialized using 'CodeIgniter\Session\Handlers\FileHandler' driver.
INFO - 2025-06-04 18:56:37 --> Cart Class Initialized
DEBUG - 2025-06-04 18:56:37 --> Session: Class initialized using 'CodeIgniter\Session\Handlers\FileHandler' driver.
INFO - 2025-06-04 18:56:37 --> Cart Class Initialized
DEBUG - 2025-06-04 18:56:39 --> Session: Class initialized using 'CodeIgniter\Session\Handlers\FileHandler' driver.
INFO - 2025-06-04 18:56:39 --> Cart Class Initialized
DEBUG - 2025-06-04 18:56:41 --> Session: Class initialized using 'CodeIgniter\Session\Handlers\FileHandler' driver.
INFO - 2025-06-04 18:56:41 --> Cart Class Initialized
CRITICAL - 2025-06-04 18:56:41 --> Error: Cannot use object of type CodeIgniter\HTTP\IncomingRequest as array
[Method: GET, Route: carrito_suma/1679091c5a880faf6fb5e6087eb1b2dc]
in APPPATH\Controllers\Cart_controller.php on line 98.
 1 SYSTEMPATH\CodeIgniter.php(933): App\Controllers\Cart_controller->suma('1679091c5a880faf6fb5e6087eb1b2dc')
 2 SYSTEMPATH\CodeIgniter.php(507): CodeIgniter\CodeIgniter->runController(Object(App\Controllers\Cart_controller))
 3 SYSTEMPATH\CodeIgniter.php(354): CodeIgniter\CodeIgniter->handleRequest(null, Object(Config\Cache), false)
 4 SYSTEMPATH\Boot.php(334): CodeIgniter\CodeIgniter->run()
 5 SYSTEMPATH\Boot.php(67): CodeIgniter\Boot::runCodeIgniter(Object(CodeIgniter\CodeIgniter))
 6 FCPATH\index.php(56): CodeIgniter\Boot::bootWeb(Object(Config\Paths))
DEBUG - 2025-06-04 18:58:19 --> Session: Class initialized using 'CodeIgniter\Session\Handlers\FileHandler' driver.
INFO - 2025-06-04 18:58:19 --> Cart Class Initialized
DEBUG - 2025-06-04 18:58:21 --> Session: Class initialized using 'CodeIgniter\Session\Handlers\FileHandler' driver.
INFO - 2025-06-04 18:58:21 --> Cart Class Initialized
DEBUG - 2025-06-04 18:58:21 --> Session: Class initialized using 'CodeIgniter\Session\Handlers\FileHandler' driver.
INFO - 2025-06-04 18:58:21 --> Cart Class Initialized
DEBUG - 2025-06-04 18:58:22 --> Session: Class initialized using 'CodeIgniter\Session\Handlers\FileHandler' driver.
INFO - 2025-06-04 18:58:22 --> Cart Class Initialized
DEBUG - 2025-06-04 18:58:23 --> Session: Class initialized using 'CodeIgniter\Session\Handlers\FileHandler' driver.
INFO - 2025-06-04 18:58:23 --> Cart Class Initialized
DEBUG - 2025-06-04 18:58:24 --> Session: Class initialized using 'CodeIgniter\Session\Handlers\FileHandler' driver.
INFO - 2025-06-04 18:58:24 --> Cart Class Initialized
DEBUG - 2025-06-04 18:58:24 --> Session: Class initialized using 'CodeIgniter\Session\Handlers\FileHandler' driver.
INFO - 2025-06-04 18:58:24 --> Cart Class Initialized
DEBUG - 2025-06-04 18:58:25 --> Session: Class initialized using 'CodeIgniter\Session\Handlers\FileHandler' driver.
INFO - 2025-06-04 18:58:25 --> Cart Class Initialized
DEBUG - 2025-06-04 18:58:25 --> Session: Class initialized using 'CodeIgniter\Session\Handlers\FileHandler' driver.
INFO - 2025-06-04 18:58:25 --> Cart Class Initialized
DEBUG - 2025-06-04 18:58:26 --> Session: Class initialized using 'CodeIgniter\Session\Handlers\FileHandler' driver.
INFO - 2025-06-04 18:58:26 --> Cart Class Initialized
DEBUG - 2025-06-04 18:58:26 --> Session: Class initialized using 'CodeIgniter\Session\Handlers\FileHandler' driver.
INFO - 2025-06-04 18:58:26 --> Cart Class Initialized
DEBUG - 2025-06-04 18:58:29 --> Session: Class initialized using 'CodeIgniter\Session\Handlers\FileHandler' driver.
INFO - 2025-06-04 18:58:29 --> Cart Class Initialized
DEBUG - 2025-06-04 18:58:29 --> Session: Class initialized using 'CodeIgniter\Session\Handlers\FileHandler' driver.
INFO - 2025-06-04 18:58:29 --> Cart Class Initialized
DEBUG - 2025-06-04 18:58:31 --> Session: Class initialized using 'CodeIgniter\Session\Handlers\FileHandler' driver.
INFO - 2025-06-04 18:58:31 --> Cart Class Initialized
DEBUG - 2025-06-04 19:02:07 --> Session: Class initialized using 'CodeIgniter\Session\Handlers\FileHandler' driver.
DEBUG - 2025-06-04 19:02:11 --> Session: Class initialized using 'CodeIgniter\Session\Handlers\FileHandler' driver.
DEBUG - 2025-06-04 19:02:14 --> Session: Class initialized using 'CodeIgniter\Session\Handlers\FileHandler' driver.
DEBUG - 2025-06-04 19:02:21 --> Session: Class initialized using 'CodeIgniter\Session\Handlers\FileHandler' driver.
DEBUG - 2025-06-04 19:02:21 --> Session: Class initialized using 'CodeIgniter\Session\Handlers\FileHandler' driver.
DEBUG - 2025-06-04 19:02:25 --> Session: Class initialized using 'CodeIgniter\Session\Handlers\FileHandler' driver.
DEBUG - 2025-06-04 19:02:30 --> Session: Class initialized using 'CodeIgniter\Session\Handlers\FileHandler' driver.
DEBUG - 2025-06-04 19:02:30 --> Session: Class initialized using 'CodeIgniter\Session\Handlers\FileHandler' driver.
DEBUG - 2025-06-04 19:02:32 --> Session: Class initialized using 'CodeIgniter\Session\Handlers\FileHandler' driver.
INFO - 2025-06-04 19:02:32 --> Cart Class Initialized
DEBUG - 2025-06-04 19:05:16 --> Session: Class initialized using 'CodeIgniter\Session\Handlers\FileHandler' driver.
INFO - 2025-06-04 19:05:16 --> Cart Class Initialized
DEBUG - 2025-06-04 19:05:18 --> Session: Class initialized using 'CodeIgniter\Session\Handlers\FileHandler' driver.
INFO - 2025-06-04 19:05:18 --> Cart Class Initialized
DEBUG - 2025-06-04 19:05:20 --> Session: Class initialized using 'CodeIgniter\Session\Handlers\FileHandler' driver.
INFO - 2025-06-04 19:05:20 --> Cart Class Initialized
DEBUG - 2025-06-04 19:05:21 --> Session: Class initialized using 'CodeIgniter\Session\Handlers\FileHandler' driver.
INFO - 2025-06-04 19:05:21 --> Cart Class Initialized
DEBUG - 2025-06-04 19:05:24 --> Session: Class initialized using 'CodeIgniter\Session\Handlers\FileHandler' driver.
INFO - 2025-06-04 19:05:24 --> Cart Class Initialized
DEBUG - 2025-06-04 19:05:27 --> Session: Class initialized using 'CodeIgniter\Session\Handlers\FileHandler' driver.
INFO - 2025-06-04 19:05:27 --> Cart Class Initialized
DEBUG - 2025-06-04 19:05:27 --> Session: Class initialized using 'CodeIgniter\Session\Handlers\FileHandler' driver.
INFO - 2025-06-04 19:05:27 --> Cart Class Initialized
DEBUG - 2025-06-04 19:05:28 --> Session: Class initialized using 'CodeIgniter\Session\Handlers\FileHandler' driver.
INFO - 2025-06-04 19:05:28 --> Cart Class Initialized
DEBUG - 2025-06-04 19:05:28 --> Session: Class initialized using 'CodeIgniter\Session\Handlers\FileHandler' driver.
INFO - 2025-06-04 19:05:28 --> Cart Class Initialized
DEBUG - 2025-06-04 19:05:29 --> Session: Class initialized using 'CodeIgniter\Session\Handlers\FileHandler' driver.
INFO - 2025-06-04 19:05:29 --> Cart Class Initialized
DEBUG - 2025-06-04 19:05:29 --> Session: Class initialized using 'CodeIgniter\Session\Handlers\FileHandler' driver.
INFO - 2025-06-04 19:05:29 --> Cart Class Initialized
DEBUG - 2025-06-04 19:05:30 --> Session: Class initialized using 'CodeIgniter\Session\Handlers\FileHandler' driver.
INFO - 2025-06-04 19:05:30 --> Cart Class Initialized
DEBUG - 2025-06-04 19:05:30 --> Session: Class initialized using 'CodeIgniter\Session\Handlers\FileHandler' driver.
INFO - 2025-06-04 19:05:30 --> Cart Class Initialized
DEBUG - 2025-06-04 19:05:33 --> Session: Class initialized using 'CodeIgniter\Session\Handlers\FileHandler' driver.
INFO - 2025-06-04 19:05:33 --> Cart Class Initialized
DEBUG - 2025-06-04 19:05:33 --> Session: Class initialized using 'CodeIgniter\Session\Handlers\FileHandler' driver.
INFO - 2025-06-04 19:05:33 --> Cart Class Initialized
DEBUG - 2025-06-04 19:05:35 --> Session: Class initialized using 'CodeIgniter\Session\Handlers\FileHandler' driver.
INFO - 2025-06-04 19:05:35 --> Cart Class Initialized
DEBUG - 2025-06-04 19:27:24 --> Session: Class initialized using 'CodeIgniter\Session\Handlers\FileHandler' driver.
INFO - 2025-06-04 19:27:24 --> Cart Class Initialized
DEBUG - 2025-06-04 19:27:26 --> Session: Class initialized using 'CodeIgniter\Session\Handlers\FileHandler' driver.
INFO - 2025-06-04 19:27:26 --> Cart Class Initialized
DEBUG - 2025-06-04 19:27:28 --> Session: Class initialized using 'CodeIgniter\Session\Handlers\FileHandler' driver.
INFO - 2025-06-04 19:27:28 --> Cart Class Initialized
DEBUG - 2025-06-04 19:27:28 --> Session: Class initialized using 'CodeIgniter\Session\Handlers\FileHandler' driver.
INFO - 2025-06-04 19:27:28 --> Cart Class Initialized
DEBUG - 2025-06-04 19:27:31 --> Session: Class initialized using 'CodeIgniter\Session\Handlers\FileHandler' driver.
INFO - 2025-06-04 19:27:31 --> Cart Class Initialized
DEBUG - 2025-06-04 19:27:31 --> Session: Class initialized using 'CodeIgniter\Session\Handlers\FileHandler' driver.
INFO - 2025-06-04 19:27:31 --> Cart Class Initialized
DEBUG - 2025-06-04 19:27:39 --> Session: Class initialized using 'CodeIgniter\Session\Handlers\FileHandler' driver.
INFO - 2025-06-04 19:27:39 --> Cart Class Initialized
DEBUG - 2025-06-04 19:28:04 --> Session: Class initialized using 'CodeIgniter\Session\Handlers\FileHandler' driver.
INFO - 2025-06-04 19:28:04 --> Cart Class Initialized
DEBUG - 2025-06-04 19:28:14 --> Session: Class initialized using 'CodeIgniter\Session\Handlers\FileHandler' driver.
DEBUG - 2025-06-04 19:28:39 --> Session: Class initialized using 'CodeIgniter\Session\Handlers\FileHandler' driver.
INFO - 2025-06-04 19:28:39 --> Cart Class Initialized
DEBUG - 2025-06-04 19:28:41 --> Session: Class initialized using 'CodeIgniter\Session\Handlers\FileHandler' driver.
INFO - 2025-06-04 19:28:41 --> Cart Class Initialized
CRITICAL - 2025-06-04 19:28:41 --> CodeIgniter\Exceptions\BadMethodCallException: Call to undefined method App\Models\Productos_model::getProducto
[Method: GET, Route: confirmar_compra]
in SYSTEMPATH\Model.php on line 930.
 1 APPPATH\Controllers\Ventas_controller.php(29): CodeIgniter\Model->__call('getProducto', [...])
 2 SYSTEMPATH\CodeIgniter.php(933): App\Controllers\Ventas_controller->registrar_venta()
 3 SYSTEMPATH\CodeIgniter.php(507): CodeIgniter\CodeIgniter->runController(Object(App\Controllers\Ventas_controller))
 4 SYSTEMPATH\CodeIgniter.php(354): CodeIgniter\CodeIgniter->handleRequest(null, Object(Config\Cache), false)
 5 SYSTEMPATH\Boot.php(334): CodeIgniter\CodeIgniter->run()
 6 SYSTEMPATH\Boot.php(67): CodeIgniter\Boot::runCodeIgniter(Object(CodeIgniter\CodeIgniter))
 7 FCPATH\index.php(56): CodeIgniter\Boot::bootWeb(Object(Config\Paths))
DEBUG - 2025-06-04 19:28:54 --> Session: Class initialized using 'CodeIgniter\Session\Handlers\FileHandler' driver.
INFO - 2025-06-04 19:28:54 --> Cart Class Initialized
CRITICAL - 2025-06-04 19:28:54 --> CodeIgniter\Exceptions\BadMethodCallException: Call to undefined method App\Models\Productos_model::getProducto
[Method: GET, Route: confirmar_compra]
in SYSTEMPATH\Model.php on line 930.
 1 APPPATH\Controllers\Ventas_controller.php(29): CodeIgniter\Model->__call('getProducto', [...])
 2 SYSTEMPATH\CodeIgniter.php(933): App\Controllers\Ventas_controller->registrar_venta()
 3 SYSTEMPATH\CodeIgniter.php(507): CodeIgniter\CodeIgniter->runController(Object(App\Controllers\Ventas_controller))
 4 SYSTEMPATH\CodeIgniter.php(354): CodeIgniter\CodeIgniter->handleRequest(null, Object(Config\Cache), false)
 5 SYSTEMPATH\Boot.php(334): CodeIgniter\CodeIgniter->run()
 6 SYSTEMPATH\Boot.php(67): CodeIgniter\Boot::runCodeIgniter(Object(CodeIgniter\CodeIgniter))
 7 FCPATH\index.php(56): CodeIgniter\Boot::bootWeb(Object(Config\Paths))
DEBUG - 2025-06-04 19:29:53 --> Session: Class initialized using 'CodeIgniter\Session\Handlers\FileHandler' driver.
INFO - 2025-06-04 19:29:53 --> Cart Class Initialized
DEBUG - 2025-06-04 19:29:55 --> Session: Class initialized using 'CodeIgniter\Session\Handlers\FileHandler' driver.
INFO - 2025-06-04 19:29:55 --> Cart Class Initialized
DEBUG - 2025-06-04 19:29:57 --> Session: Class initialized using 'CodeIgniter\Session\Handlers\FileHandler' driver.
INFO - 2025-06-04 19:29:57 --> Cart Class Initialized
CRITICAL - 2025-06-04 19:29:57 --> ErrorException: Undefined array key "stock"
[Method: GET, Route: confirmar_compra]
in APPPATH\Controllers\Ventas_controller.php on line 31.
 1 APPPATH\Controllers\Ventas_controller.php(31): CodeIgniter\Debug\Exceptions->errorHandler(2, 'Undefined array key "stock"', 'C:\\xampp\\htdocs\\proyecto_MinoGomez_MoralesLopez\\app\\Controllers\\Ventas_controller.php', 31)
 2 SYSTEMPATH\CodeIgniter.php(933): App\Controllers\Ventas_controller->registrar_venta()
 3 SYSTEMPATH\CodeIgniter.php(507): CodeIgniter\CodeIgniter->runController(Object(App\Controllers\Ventas_controller))
 4 SYSTEMPATH\CodeIgniter.php(354): CodeIgniter\CodeIgniter->handleRequest(null, Object(Config\Cache), false)
 5 SYSTEMPATH\Boot.php(334): CodeIgniter\CodeIgniter->run()
 6 SYSTEMPATH\Boot.php(67): CodeIgniter\Boot::runCodeIgniter(Object(CodeIgniter\CodeIgniter))
 7 FCPATH\index.php(56): CodeIgniter\Boot::bootWeb(Object(Config\Paths))
DEBUG - 2025-06-04 19:33:09 --> Session: Class initialized using 'CodeIgniter\Session\Handlers\FileHandler' driver.
INFO - 2025-06-04 19:33:09 --> Cart Class Initialized
DEBUG - 2025-06-04 19:33:12 --> Session: Class initialized using 'CodeIgniter\Session\Handlers\FileHandler' driver.
INFO - 2025-06-04 19:33:12 --> Cart Class Initialized
CRITICAL - 2025-06-04 19:33:12 --> ErrorException: Undefined array key "stock"
[Method: GET, Route: confirmar_compra]
in APPPATH\Controllers\Ventas_controller.php on line 31.
 1 APPPATH\Controllers\Ventas_controller.php(31): CodeIgniter\Debug\Exceptions->errorHandler(2, 'Undefined array key "stock"', 'C:\\xampp\\htdocs\\proyecto_MinoGomez_MoralesLopez\\app\\Controllers\\Ventas_controller.php', 31)
 2 SYSTEMPATH\CodeIgniter.php(933): App\Controllers\Ventas_controller->registrar_venta()
 3 SYSTEMPATH\CodeIgniter.php(507): CodeIgniter\CodeIgniter->runController(Object(App\Controllers\Ventas_controller))
 4 SYSTEMPATH\CodeIgniter.php(354): CodeIgniter\CodeIgniter->handleRequest(null, Object(Config\Cache), false)
 5 SYSTEMPATH\Boot.php(334): CodeIgniter\CodeIgniter->run()
 6 SYSTEMPATH\Boot.php(67): CodeIgniter\Boot::runCodeIgniter(Object(CodeIgniter\CodeIgniter))
 7 FCPATH\index.php(56): CodeIgniter\Boot::bootWeb(Object(Config\Paths))
DEBUG - 2025-06-04 19:34:08 --> Session: Class initialized using 'CodeIgniter\Session\Handlers\FileHandler' driver.
INFO - 2025-06-04 19:34:08 --> Cart Class Initialized
CRITICAL - 2025-06-04 19:34:08 --> ErrorException: Undefined array key "stock"
[Method: GET, Route: mostrar_carrito]
in APPPATH\Views\back\carrito\carrito_view.php on line 46.
 1 APPPATH\Views\back\carrito\carrito_view.php(46): CodeIgniter\Debug\Exceptions->errorHandler(2, 'Undefined array key "stock"', 'C:\\xampp\\htdocs\\proyecto_MinoGomez_MoralesLopez\\app\\Views\\back\\carrito\\carrito_view.php', 46)
 2 SYSTEMPATH\View\View.php(224): include('C:\\xampp\\htdocs\\proyecto_MinoGomez_MoralesLopez\\app\\Views\\back\\carrito\\carrito_view.php')
 3 SYSTEMPATH\View\View.php(227): CodeIgniter\View\View->CodeIgniter\View\{closure}()
 4 SYSTEMPATH\Common.php(1173): CodeIgniter\View\View->render('back\\carrito\\carrito_view', [], true)
 5 APPPATH\Controllers\Cart_controller.php(85): view('back\\carrito\\carrito_view', [...])
 6 SYSTEMPATH\CodeIgniter.php(933): App\Controllers\Cart_controller->mostrarCarrito()
 7 SYSTEMPATH\CodeIgniter.php(507): CodeIgniter\CodeIgniter->runController(Object(App\Controllers\Cart_controller))
 8 SYSTEMPATH\CodeIgniter.php(354): CodeIgniter\CodeIgniter->handleRequest(null, Object(Config\Cache), false)
 9 SYSTEMPATH\Boot.php(334): CodeIgniter\CodeIgniter->run()
10 SYSTEMPATH\Boot.php(67): CodeIgniter\Boot::runCodeIgniter(Object(CodeIgniter\CodeIgniter))
11 FCPATH\index.php(56): CodeIgniter\Boot::bootWeb(Object(Config\Paths))
DEBUG - 2025-06-04 19:34:12 --> Session: Class initialized using 'CodeIgniter\Session\Handlers\FileHandler' driver.
INFO - 2025-06-04 19:34:12 --> Cart Class Initialized
DEBUG - 2025-06-04 19:34:17 --> Session: Class initialized using 'CodeIgniter\Session\Handlers\FileHandler' driver.
INFO - 2025-06-04 19:34:17 --> Cart Class Initialized
DEBUG - 2025-06-04 19:34:17 --> Session: Class initialized using 'CodeIgniter\Session\Handlers\FileHandler' driver.
INFO - 2025-06-04 19:34:17 --> Cart Class Initialized
DEBUG - 2025-06-04 19:34:19 --> Session: Class initialized using 'CodeIgniter\Session\Handlers\FileHandler' driver.
INFO - 2025-06-04 19:34:19 --> Cart Class Initialized
CRITICAL - 2025-06-04 19:34:19 --> ErrorException: Undefined array key "stock"
[Method: GET, Route: mostrar_carrito]
in APPPATH\Views\back\carrito\carrito_view.php on line 46.
 1 APPPATH\Views\back\carrito\carrito_view.php(46): CodeIgniter\Debug\Exceptions->errorHandler(2, 'Undefined array key "stock"', 'C:\\xampp\\htdocs\\proyecto_MinoGomez_MoralesLopez\\app\\Views\\back\\carrito\\carrito_view.php', 46)
 2 SYSTEMPATH\View\View.php(224): include('C:\\xampp\\htdocs\\proyecto_MinoGomez_MoralesLopez\\app\\Views\\back\\carrito\\carrito_view.php')
 3 SYSTEMPATH\View\View.php(227): CodeIgniter\View\View->CodeIgniter\View\{closure}()
 4 SYSTEMPATH\Common.php(1173): CodeIgniter\View\View->render('back\\carrito\\carrito_view', [], true)
 5 APPPATH\Controllers\Cart_controller.php(85): view('back\\carrito\\carrito_view', [...])
 6 SYSTEMPATH\CodeIgniter.php(933): App\Controllers\Cart_controller->mostrarCarrito()
 7 SYSTEMPATH\CodeIgniter.php(507): CodeIgniter\CodeIgniter->runController(Object(App\Controllers\Cart_controller))
 8 SYSTEMPATH\CodeIgniter.php(354): CodeIgniter\CodeIgniter->handleRequest(null, Object(Config\Cache), false)
 9 SYSTEMPATH\Boot.php(334): CodeIgniter\CodeIgniter->run()
10 SYSTEMPATH\Boot.php(67): CodeIgniter\Boot::runCodeIgniter(Object(CodeIgniter\CodeIgniter))
11 FCPATH\index.php(56): CodeIgniter\Boot::bootWeb(Object(Config\Paths))
DEBUG - 2025-06-04 19:34:28 --> Session: Class initialized using 'CodeIgniter\Session\Handlers\FileHandler' driver.
INFO - 2025-06-04 19:34:28 --> Cart Class Initialized
DEBUG - 2025-06-04 19:34:31 --> Session: Class initialized using 'CodeIgniter\Session\Handlers\FileHandler' driver.
INFO - 2025-06-04 19:34:31 --> Cart Class Initialized
CRITICAL - 2025-06-04 19:34:31 --> ErrorException: Undefined array key "stock"
[Method: GET, Route: confirmar_compra]
in APPPATH\Controllers\Ventas_controller.php on line 31.
 1 APPPATH\Controllers\Ventas_controller.php(31): CodeIgniter\Debug\Exceptions->errorHandler(2, 'Undefined array key "stock"', 'C:\\xampp\\htdocs\\proyecto_MinoGomez_MoralesLopez\\app\\Controllers\\Ventas_controller.php', 31)
 2 SYSTEMPATH\CodeIgniter.php(933): App\Controllers\Ventas_controller->registrar_venta()
 3 SYSTEMPATH\CodeIgniter.php(507): CodeIgniter\CodeIgniter->runController(Object(App\Controllers\Ventas_controller))
 4 SYSTEMPATH\CodeIgniter.php(354): CodeIgniter\CodeIgniter->handleRequest(null, Object(Config\Cache), false)
 5 SYSTEMPATH\Boot.php(334): CodeIgniter\CodeIgniter->run()
 6 SYSTEMPATH\Boot.php(67): CodeIgniter\Boot::runCodeIgniter(Object(CodeIgniter\CodeIgniter))
 7 FCPATH\index.php(56): CodeIgniter\Boot::bootWeb(Object(Config\Paths))
DEBUG - 2025-06-04 19:35:34 --> Session: Class initialized using 'CodeIgniter\Session\Handlers\FileHandler' driver.
INFO - 2025-06-04 19:35:34 --> Cart Class Initialized
CRITICAL - 2025-06-04 19:35:34 --> ErrorException: Undefined array key "stock"
[Method: GET, Route: mostrar_carrito]
in APPPATH\Views\back\carrito\carrito_view.php on line 46.
 1 APPPATH\Views\back\carrito\carrito_view.php(46): CodeIgniter\Debug\Exceptions->errorHandler(2, 'Undefined array key "stock"', 'C:\\xampp\\htdocs\\proyecto_MinoGomez_MoralesLopez\\app\\Views\\back\\carrito\\carrito_view.php', 46)
 2 SYSTEMPATH\View\View.php(224): include('C:\\xampp\\htdocs\\proyecto_MinoGomez_MoralesLopez\\app\\Views\\back\\carrito\\carrito_view.php')
 3 SYSTEMPATH\View\View.php(227): CodeIgniter\View\View->CodeIgniter\View\{closure}()
 4 SYSTEMPATH\Common.php(1173): CodeIgniter\View\View->render('back\\carrito\\carrito_view', [], true)
 5 APPPATH\Controllers\Cart_controller.php(85): view('back\\carrito\\carrito_view', [...])
 6 SYSTEMPATH\CodeIgniter.php(933): App\Controllers\Cart_controller->mostrarCarrito()
 7 SYSTEMPATH\CodeIgniter.php(507): CodeIgniter\CodeIgniter->runController(Object(App\Controllers\Cart_controller))
 8 SYSTEMPATH\CodeIgniter.php(354): CodeIgniter\CodeIgniter->handleRequest(null, Object(Config\Cache), false)
 9 SYSTEMPATH\Boot.php(334): CodeIgniter\CodeIgniter->run()
10 SYSTEMPATH\Boot.php(67): CodeIgniter\Boot::runCodeIgniter(Object(CodeIgniter\CodeIgniter))
11 FCPATH\index.php(56): CodeIgniter\Boot::bootWeb(Object(Config\Paths))
DEBUG - 2025-06-04 19:36:38 --> Session: Class initialized using 'CodeIgniter\Session\Handlers\FileHandler' driver.
INFO - 2025-06-04 19:36:38 --> Cart Class Initialized
DEBUG - 2025-06-04 19:36:42 --> Session: Class initialized using 'CodeIgniter\Session\Handlers\FileHandler' driver.
INFO - 2025-06-04 19:36:42 --> Cart Class Initialized
DEBUG - 2025-06-04 19:37:57 --> Session: Class initialized using 'CodeIgniter\Session\Handlers\FileHandler' driver.
INFO - 2025-06-04 19:37:57 --> Cart Class Initialized
CRITICAL - 2025-06-04 19:37:57 --> ErrorException: Undefined array key "stock"
[Method: GET, Route: mostrar_carrito]
in APPPATH\Views\back\carrito\carrito_view.php on line 46.
 1 APPPATH\Views\back\carrito\carrito_view.php(46): CodeIgniter\Debug\Exceptions->errorHandler(2, 'Undefined array key "stock"', 'C:\\xampp\\htdocs\\proyecto_MinoGomez_MoralesLopez\\app\\Views\\back\\carrito\\carrito_view.php', 46)
 2 SYSTEMPATH\View\View.php(224): include('C:\\xampp\\htdocs\\proyecto_MinoGomez_MoralesLopez\\app\\Views\\back\\carrito\\carrito_view.php')
 3 SYSTEMPATH\View\View.php(227): CodeIgniter\View\View->CodeIgniter\View\{closure}()
 4 SYSTEMPATH\Common.php(1173): CodeIgniter\View\View->render('back\\carrito\\carrito_view', [], true)
 5 APPPATH\Controllers\Cart_controller.php(88): view('back\\carrito\\carrito_view', [...])
 6 SYSTEMPATH\CodeIgniter.php(933): App\Controllers\Cart_controller->mostrarCarrito()
 7 SYSTEMPATH\CodeIgniter.php(507): CodeIgniter\CodeIgniter->runController(Object(App\Controllers\Cart_controller))
 8 SYSTEMPATH\CodeIgniter.php(354): CodeIgniter\CodeIgniter->handleRequest(null, Object(Config\Cache), false)
 9 SYSTEMPATH\Boot.php(334): CodeIgniter\CodeIgniter->run()
10 SYSTEMPATH\Boot.php(67): CodeIgniter\Boot::runCodeIgniter(Object(CodeIgniter\CodeIgniter))
11 FCPATH\index.php(56): CodeIgniter\Boot::bootWeb(Object(Config\Paths))
DEBUG - 2025-06-04 19:38:06 --> Session: Class initialized using 'CodeIgniter\Session\Handlers\FileHandler' driver.
INFO - 2025-06-04 19:38:06 --> Cart Class Initialized
CRITICAL - 2025-06-04 19:38:06 --> ErrorException: Undefined array key "stock"
[Method: GET, Route: mostrar_carrito]
in APPPATH\Views\back\carrito\carrito_view.php on line 46.
 1 APPPATH\Views\back\carrito\carrito_view.php(46): CodeIgniter\Debug\Exceptions->errorHandler(2, 'Undefined array key "stock"', 'C:\\xampp\\htdocs\\proyecto_MinoGomez_MoralesLopez\\app\\Views\\back\\carrito\\carrito_view.php', 46)
 2 SYSTEMPATH\View\View.php(224): include('C:\\xampp\\htdocs\\proyecto_MinoGomez_MoralesLopez\\app\\Views\\back\\carrito\\carrito_view.php')
 3 SYSTEMPATH\View\View.php(227): CodeIgniter\View\View->CodeIgniter\View\{closure}()
 4 SYSTEMPATH\Common.php(1173): CodeIgniter\View\View->render('back\\carrito\\carrito_view', [], true)
 5 APPPATH\Controllers\Cart_controller.php(88): view('back\\carrito\\carrito_view', [...])
 6 SYSTEMPATH\CodeIgniter.php(933): App\Controllers\Cart_controller->mostrarCarrito()
 7 SYSTEMPATH\CodeIgniter.php(507): CodeIgniter\CodeIgniter->runController(Object(App\Controllers\Cart_controller))
 8 SYSTEMPATH\CodeIgniter.php(354): CodeIgniter\CodeIgniter->handleRequest(null, Object(Config\Cache), false)
 9 SYSTEMPATH\Boot.php(334): CodeIgniter\CodeIgniter->run()
10 SYSTEMPATH\Boot.php(67): CodeIgniter\Boot::runCodeIgniter(Object(CodeIgniter\CodeIgniter))
11 FCPATH\index.php(56): CodeIgniter\Boot::bootWeb(Object(Config\Paths))
DEBUG - 2025-06-04 19:40:30 --> Session: Class initialized using 'CodeIgniter\Session\Handlers\FileHandler' driver.
INFO - 2025-06-04 19:40:30 --> Cart Class Initialized
DEBUG - 2025-06-04 19:41:14 --> Session: Class initialized using 'CodeIgniter\Session\Handlers\FileHandler' driver.
INFO - 2025-06-04 19:41:14 --> Cart Class Initialized
DEBUG - 2025-06-04 19:41:15 --> Session: Class initialized using 'CodeIgniter\Session\Handlers\FileHandler' driver.
INFO - 2025-06-04 19:41:15 --> Cart Class Initialized
DEBUG - 2025-06-04 19:41:17 --> Session: Class initialized using 'CodeIgniter\Session\Handlers\FileHandler' driver.
INFO - 2025-06-04 19:41:17 --> Cart Class Initialized
DEBUG - 2025-06-04 19:41:18 --> Session: Class initialized using 'CodeIgniter\Session\Handlers\FileHandler' driver.
INFO - 2025-06-04 19:41:18 --> Cart Class Initialized
DEBUG - 2025-06-04 19:41:20 --> Session: Class initialized using 'CodeIgniter\Session\Handlers\FileHandler' driver.
INFO - 2025-06-04 19:41:20 --> Cart Class Initialized
CRITICAL - 2025-06-04 19:41:20 --> ErrorException: Undefined array key "stock"
[Method: GET, Route: mostrar_carrito]
in APPPATH\Views\back\carrito\carrito_view.php on line 46.
 1 APPPATH\Views\back\carrito\carrito_view.php(46): CodeIgniter\Debug\Exceptions->errorHandler(2, 'Undefined array key "stock"', 'C:\\xampp\\htdocs\\proyecto_MinoGomez_MoralesLopez\\app\\Views\\back\\carrito\\carrito_view.php', 46)
 2 SYSTEMPATH\View\View.php(224): include('C:\\xampp\\htdocs\\proyecto_MinoGomez_MoralesLopez\\app\\Views\\back\\carrito\\carrito_view.php')
 3 SYSTEMPATH\View\View.php(227): CodeIgniter\View\View->CodeIgniter\View\{closure}()
 4 SYSTEMPATH\Common.php(1173): CodeIgniter\View\View->render('back\\carrito\\carrito_view', [], true)
 5 APPPATH\Controllers\Cart_controller.php(85): view('back\\carrito\\carrito_view', [...])
 6 SYSTEMPATH\CodeIgniter.php(933): App\Controllers\Cart_controller->mostrarCarrito()
 7 SYSTEMPATH\CodeIgniter.php(507): CodeIgniter\CodeIgniter->runController(Object(App\Controllers\Cart_controller))
 8 SYSTEMPATH\CodeIgniter.php(354): CodeIgniter\CodeIgniter->handleRequest(null, Object(Config\Cache), false)
 9 SYSTEMPATH\Boot.php(334): CodeIgniter\CodeIgniter->run()
10 SYSTEMPATH\Boot.php(67): CodeIgniter\Boot::runCodeIgniter(Object(CodeIgniter\CodeIgniter))
11 FCPATH\index.php(56): CodeIgniter\Boot::bootWeb(Object(Config\Paths))
DEBUG - 2025-06-04 19:41:30 --> Session: Class initialized using 'CodeIgniter\Session\Handlers\FileHandler' driver.
INFO - 2025-06-04 19:41:30 --> Cart Class Initialized
DEBUG - 2025-06-04 19:41:33 --> Session: Class initialized using 'CodeIgniter\Session\Handlers\FileHandler' driver.
INFO - 2025-06-04 19:41:33 --> Cart Class Initialized
CRITICAL - 2025-06-04 19:41:33 --> ErrorException: Undefined array key "stock"
[Method: GET, Route: confirmar_compra]
in APPPATH\Controllers\Ventas_controller.php on line 31.
 1 APPPATH\Controllers\Ventas_controller.php(31): CodeIgniter\Debug\Exceptions->errorHandler(2, 'Undefined array key "stock"', 'C:\\xampp\\htdocs\\proyecto_MinoGomez_MoralesLopez\\app\\Controllers\\Ventas_controller.php', 31)
 2 SYSTEMPATH\CodeIgniter.php(933): App\Controllers\Ventas_controller->registrar_venta()
 3 SYSTEMPATH\CodeIgniter.php(507): CodeIgniter\CodeIgniter->runController(Object(App\Controllers\Ventas_controller))
 4 SYSTEMPATH\CodeIgniter.php(354): CodeIgniter\CodeIgniter->handleRequest(null, Object(Config\Cache), false)
 5 SYSTEMPATH\Boot.php(334): CodeIgniter\CodeIgniter->run()
 6 SYSTEMPATH\Boot.php(67): CodeIgniter\Boot::runCodeIgniter(Object(CodeIgniter\CodeIgniter))
 7 FCPATH\index.php(56): CodeIgniter\Boot::bootWeb(Object(Config\Paths))
DEBUG - 2025-06-04 19:45:44 --> Session: Class initialized using 'CodeIgniter\Session\Handlers\FileHandler' driver.
INFO - 2025-06-04 19:45:44 --> Cart Class Initialized
DEBUG - 2025-06-04 19:45:46 --> Session: Class initialized using 'CodeIgniter\Session\Handlers\FileHandler' driver.
INFO - 2025-06-04 19:45:46 --> Cart Class Initialized
DEBUG - 2025-06-04 19:45:48 --> Session: Class initialized using 'CodeIgniter\Session\Handlers\FileHandler' driver.
INFO - 2025-06-04 19:45:48 --> Cart Class Initialized
CRITICAL - 2025-06-04 19:45:48 --> ErrorException: Undefined array key "stock"
[Method: GET, Route: confirmar_compra]
in APPPATH\Controllers\Ventas_controller.php on line 31.
 1 APPPATH\Controllers\Ventas_controller.php(31): CodeIgniter\Debug\Exceptions->errorHandler(2, 'Undefined array key "stock"', 'C:\\xampp\\htdocs\\proyecto_MinoGomez_MoralesLopez\\app\\Controllers\\Ventas_controller.php', 31)
 2 SYSTEMPATH\CodeIgniter.php(933): App\Controllers\Ventas_controller->registrar_venta()
 3 SYSTEMPATH\CodeIgniter.php(507): CodeIgniter\CodeIgniter->runController(Object(App\Controllers\Ventas_controller))
 4 SYSTEMPATH\CodeIgniter.php(354): CodeIgniter\CodeIgniter->handleRequest(null, Object(Config\Cache), false)
 5 SYSTEMPATH\Boot.php(334): CodeIgniter\CodeIgniter->run()
 6 SYSTEMPATH\Boot.php(67): CodeIgniter\Boot::runCodeIgniter(Object(CodeIgniter\CodeIgniter))
 7 FCPATH\index.php(56): CodeIgniter\Boot::bootWeb(Object(Config\Paths))
DEBUG - 2025-06-04 19:46:46 --> Session: Class initialized using 'CodeIgniter\Session\Handlers\FileHandler' driver.
INFO - 2025-06-04 19:46:46 --> Cart Class Initialized
DEBUG - 2025-06-04 19:46:47 --> Session: Class initialized using 'CodeIgniter\Session\Handlers\FileHandler' driver.
INFO - 2025-06-04 19:46:47 --> Cart Class Initialized
DEBUG - 2025-06-04 19:48:11 --> Session: Class initialized using 'CodeIgniter\Session\Handlers\FileHandler' driver.
INFO - 2025-06-04 19:48:11 --> Cart Class Initialized
CRITICAL - 2025-06-04 19:48:11 --> ErrorException: Undefined array key "stock"
[Method: GET, Route: confirmar_compra]
in APPPATH\Controllers\Ventas_controller.php on line 30.
 1 APPPATH\Controllers\Ventas_controller.php(30): CodeIgniter\Debug\Exceptions->errorHandler(2, 'Undefined array key "stock"', 'C:\\xampp\\htdocs\\proyecto_MinoGomez_MoralesLopez\\app\\Controllers\\Ventas_controller.php', 30)
 2 SYSTEMPATH\CodeIgniter.php(933): App\Controllers\Ventas_controller->registrar_venta()
 3 SYSTEMPATH\CodeIgniter.php(507): CodeIgniter\CodeIgniter->runController(Object(App\Controllers\Ventas_controller))
 4 SYSTEMPATH\CodeIgniter.php(354): CodeIgniter\CodeIgniter->handleRequest(null, Object(Config\Cache), false)
 5 SYSTEMPATH\Boot.php(334): CodeIgniter\CodeIgniter->run()
 6 SYSTEMPATH\Boot.php(67): CodeIgniter\Boot::runCodeIgniter(Object(CodeIgniter\CodeIgniter))
 7 FCPATH\index.php(56): CodeIgniter\Boot::bootWeb(Object(Config\Paths))
DEBUG - 2025-06-04 19:49:35 --> Session: Class initialized using 'CodeIgniter\Session\Handlers\FileHandler' driver.
INFO - 2025-06-04 19:49:35 --> Cart Class Initialized
DEBUG - 2025-06-04 19:51:06 --> Session: Class initialized using 'CodeIgniter\Session\Handlers\FileHandler' driver.
INFO - 2025-06-04 19:51:06 --> Cart Class Initialized
DEBUG - 2025-06-04 19:51:08 --> Session: Class initialized using 'CodeIgniter\Session\Handlers\FileHandler' driver.
INFO - 2025-06-04 19:51:08 --> Cart Class Initialized
DEBUG - 2025-06-04 19:51:39 --> Session: Class initialized using 'CodeIgniter\Session\Handlers\FileHandler' driver.
INFO - 2025-06-04 19:51:39 --> Cart Class Initialized
DEBUG - 2025-06-04 19:51:40 --> Session: Class initialized using 'CodeIgniter\Session\Handlers\FileHandler' driver.
INFO - 2025-06-04 19:51:40 --> Cart Class Initialized
DEBUG - 2025-06-04 19:51:42 --> Session: Class initialized using 'CodeIgniter\Session\Handlers\FileHandler' driver.
INFO - 2025-06-04 19:51:42 --> Cart Class Initialized
DEBUG - 2025-06-04 19:51:54 --> Session: Class initialized using 'CodeIgniter\Session\Handlers\FileHandler' driver.
INFO - 2025-06-04 19:51:54 --> Cart Class Initialized
DEBUG - 2025-06-04 19:52:01 --> Session: Class initialized using 'CodeIgniter\Session\Handlers\FileHandler' driver.
INFO - 2025-06-04 19:52:01 --> Cart Class Initialized
DEBUG - 2025-06-04 19:52:03 --> Session: Class initialized using 'CodeIgniter\Session\Handlers\FileHandler' driver.
DEBUG - 2025-06-04 19:52:04 --> Session: Class initialized using 'CodeIgniter\Session\Handlers\FileHandler' driver.
DEBUG - 2025-06-04 19:52:05 --> Session: Class initialized using 'CodeIgniter\Session\Handlers\FileHandler' driver.
DEBUG - 2025-06-04 19:52:08 --> Session: Class initialized using 'CodeIgniter\Session\Handlers\FileHandler' driver.
DEBUG - 2025-06-04 19:52:09 --> Session: Class initialized using 'CodeIgniter\Session\Handlers\FileHandler' driver.
DEBUG - 2025-06-04 19:52:11 --> Session: Class initialized using 'CodeIgniter\Session\Handlers\FileHandler' driver.
INFO - 2025-06-04 19:52:11 --> Cart Class Initialized
DEBUG - 2025-06-04 19:52:12 --> Session: Class initialized using 'CodeIgniter\Session\Handlers\FileHandler' driver.
INFO - 2025-06-04 19:52:12 --> Cart Class Initialized
DEBUG - 2025-06-04 19:52:12 --> Session: Class initialized using 'CodeIgniter\Session\Handlers\FileHandler' driver.
INFO - 2025-06-04 19:52:12 --> Cart Class Initialized
DEBUG - 2025-06-04 19:52:14 --> Session: Class initialized using 'CodeIgniter\Session\Handlers\FileHandler' driver.
INFO - 2025-06-04 19:52:14 --> Cart Class Initialized
DEBUG - 2025-06-04 19:52:16 --> Session: Class initialized using 'CodeIgniter\Session\Handlers\FileHandler' driver.
INFO - 2025-06-04 19:52:16 --> Cart Class Initialized
DEBUG - 2025-06-04 19:53:08 --> Session: Class initialized using 'CodeIgniter\Session\Handlers\FileHandler' driver.
INFO - 2025-06-04 19:53:08 --> Cart Class Initialized
DEBUG - 2025-06-04 19:53:31 --> Session: Class initialized using 'CodeIgniter\Session\Handlers\FileHandler' driver.
CRITICAL - 2025-06-04 19:53:31 --> ParseError: syntax error, unexpected identifier "var_dump"
[Method: GET, Route: confirmar_compra]
in APPPATH\Controllers\Ventas_controller.php on line 32.
 1 SYSTEMPATH\Autoloader\Autoloader.php(295): CodeIgniter\Autoloader\Autoloader->includeFile('C:\\xampp\\htdocs\\proyecto_MinoGomez_MoralesLopez\\app\\Controllers\\Ventas_controller.php')
 2 SYSTEMPATH\Autoloader\Autoloader.php(271): CodeIgniter\Autoloader\Autoloader->loadInNamespace('App\\Controllers\\Ventas_controller')
 3 [internal function]: CodeIgniter\Autoloader\Autoloader->loadClass('App\\Controllers\\Ventas_controller')
 4 SYSTEMPATH\CodeIgniter.php(885): class_exists('\\App\\Controllers\\Ventas_controller', true)
 5 SYSTEMPATH\CodeIgniter.php(494): CodeIgniter\CodeIgniter->startController()
 6 SYSTEMPATH\CodeIgniter.php(354): CodeIgniter\CodeIgniter->handleRequest(null, Object(Config\Cache), false)
 7 SYSTEMPATH\Boot.php(334): CodeIgniter\CodeIgniter->run()
 8 SYSTEMPATH\Boot.php(67): CodeIgniter\Boot::runCodeIgniter(Object(CodeIgniter\CodeIgniter))
 9 FCPATH\index.php(56): CodeIgniter\Boot::bootWeb(Object(Config\Paths))
DEBUG - 2025-06-04 19:53:42 --> Session: Class initialized using 'CodeIgniter\Session\Handlers\FileHandler' driver.
INFO - 2025-06-04 19:53:42 --> Cart Class Initialized
DEBUG - 2025-06-04 19:54:18 --> Session: Class initialized using 'CodeIgniter\Session\Handlers\FileHandler' driver.
INFO - 2025-06-04 19:54:18 --> Cart Class Initialized
DEBUG - 2025-06-04 19:54:37 --> Session: Class initialized using 'CodeIgniter\Session\Handlers\FileHandler' driver.
INFO - 2025-06-04 19:54:37 --> Cart Class Initialized
CRITICAL - 2025-06-04 19:54:37 --> ErrorException: Undefined array key "stock"
[Method: GET, Route: confirmar_compra]
in APPPATH\Controllers\Ventas_controller.php on line 31.
 1 APPPATH\Controllers\Ventas_controller.php(31): CodeIgniter\Debug\Exceptions->errorHandler(2, 'Undefined array key "stock"', 'C:\\xampp\\htdocs\\proyecto_MinoGomez_MoralesLopez\\app\\Controllers\\Ventas_controller.php', 31)
 2 SYSTEMPATH\CodeIgniter.php(933): App\Controllers\Ventas_controller->registrar_venta()
 3 SYSTEMPATH\CodeIgniter.php(507): CodeIgniter\CodeIgniter->runController(Object(App\Controllers\Ventas_controller))
 4 SYSTEMPATH\CodeIgniter.php(354): CodeIgniter\CodeIgniter->handleRequest(null, Object(Config\Cache), false)
 5 SYSTEMPATH\Boot.php(334): CodeIgniter\CodeIgniter->run()
 6 SYSTEMPATH\Boot.php(67): CodeIgniter\Boot::runCodeIgniter(Object(CodeIgniter\CodeIgniter))
 7 FCPATH\index.php(56): CodeIgniter\Boot::bootWeb(Object(Config\Paths))
DEBUG - 2025-06-04 19:54:51 --> Session: Class initialized using 'CodeIgniter\Session\Handlers\FileHandler' driver.
INFO - 2025-06-04 19:54:51 --> Cart Class Initialized
CRITICAL - 2025-06-04 19:54:51 --> ErrorException: Undefined array key "stock"
[Method: GET, Route: confirmar_compra]
in APPPATH\Controllers\Ventas_controller.php on line 31.
 1 APPPATH\Controllers\Ventas_controller.php(31): CodeIgniter\Debug\Exceptions->errorHandler(2, 'Undefined array key "stock"', 'C:\\xampp\\htdocs\\proyecto_MinoGomez_MoralesLopez\\app\\Controllers\\Ventas_controller.php', 31)
 2 SYSTEMPATH\CodeIgniter.php(933): App\Controllers\Ventas_controller->registrar_venta()
 3 SYSTEMPATH\CodeIgniter.php(507): CodeIgniter\CodeIgniter->runController(Object(App\Controllers\Ventas_controller))
 4 SYSTEMPATH\CodeIgniter.php(354): CodeIgniter\CodeIgniter->handleRequest(null, Object(Config\Cache), false)
 5 SYSTEMPATH\Boot.php(334): CodeIgniter\CodeIgniter->run()
 6 SYSTEMPATH\Boot.php(67): CodeIgniter\Boot::runCodeIgniter(Object(CodeIgniter\CodeIgniter))
 7 FCPATH\index.php(56): CodeIgniter\Boot::bootWeb(Object(Config\Paths))
DEBUG - 2025-06-04 19:55:20 --> Session: Class initialized using 'CodeIgniter\Session\Handlers\FileHandler' driver.
INFO - 2025-06-04 19:55:20 --> Cart Class Initialized
CRITICAL - 2025-06-04 19:55:20 --> ErrorException: Undefined array key "stock"
[Method: GET, Route: confirmar_compra]
in APPPATH\Controllers\Ventas_controller.php on line 31.
 1 APPPATH\Controllers\Ventas_controller.php(31): CodeIgniter\Debug\Exceptions->errorHandler(2, 'Undefined array key "stock"', 'C:\\xampp\\htdocs\\proyecto_MinoGomez_MoralesLopez\\app\\Controllers\\Ventas_controller.php', 31)
 2 SYSTEMPATH\CodeIgniter.php(933): App\Controllers\Ventas_controller->registrar_venta()
 3 SYSTEMPATH\CodeIgniter.php(507): CodeIgniter\CodeIgniter->runController(Object(App\Controllers\Ventas_controller))
 4 SYSTEMPATH\CodeIgniter.php(354): CodeIgniter\CodeIgniter->handleRequest(null, Object(Config\Cache), false)
 5 SYSTEMPATH\Boot.php(334): CodeIgniter\CodeIgniter->run()
 6 SYSTEMPATH\Boot.php(67): CodeIgniter\Boot::runCodeIgniter(Object(CodeIgniter\CodeIgniter))
 7 FCPATH\index.php(56): CodeIgniter\Boot::bootWeb(Object(Config\Paths))
DEBUG - 2025-06-04 19:55:21 --> Session: Class initialized using 'CodeIgniter\Session\Handlers\FileHandler' driver.
INFO - 2025-06-04 19:55:21 --> Cart Class Initialized
CRITICAL - 2025-06-04 19:55:21 --> ErrorException: Undefined array key "stock"
[Method: GET, Route: confirmar_compra]
in APPPATH\Controllers\Ventas_controller.php on line 31.
 1 APPPATH\Controllers\Ventas_controller.php(31): CodeIgniter\Debug\Exceptions->errorHandler(2, 'Undefined array key "stock"', 'C:\\xampp\\htdocs\\proyecto_MinoGomez_MoralesLopez\\app\\Controllers\\Ventas_controller.php', 31)
 2 SYSTEMPATH\CodeIgniter.php(933): App\Controllers\Ventas_controller->registrar_venta()
 3 SYSTEMPATH\CodeIgniter.php(507): CodeIgniter\CodeIgniter->runController(Object(App\Controllers\Ventas_controller))
 4 SYSTEMPATH\CodeIgniter.php(354): CodeIgniter\CodeIgniter->handleRequest(null, Object(Config\Cache), false)
 5 SYSTEMPATH\Boot.php(334): CodeIgniter\CodeIgniter->run()
 6 SYSTEMPATH\Boot.php(67): CodeIgniter\Boot::runCodeIgniter(Object(CodeIgniter\CodeIgniter))
 7 FCPATH\index.php(56): CodeIgniter\Boot::bootWeb(Object(Config\Paths))
DEBUG - 2025-06-04 19:55:29 --> Session: Class initialized using 'CodeIgniter\Session\Handlers\FileHandler' driver.
INFO - 2025-06-04 19:55:29 --> Cart Class Initialized
DEBUG - 2025-06-04 19:57:29 --> Session: Class initialized using 'CodeIgniter\Session\Handlers\FileHandler' driver.
INFO - 2025-06-04 19:57:29 --> Cart Class Initialized
DEBUG - 2025-06-04 19:57:47 --> Session: Class initialized using 'CodeIgniter\Session\Handlers\FileHandler' driver.
INFO - 2025-06-04 19:57:47 --> Cart Class Initialized
CRITICAL - 2025-06-04 19:57:47 --> ErrorException: Undefined array key "stock"
[Method: GET, Route: confirmar_compra]
in APPPATH\Controllers\Ventas_controller.php on line 31.
 1 APPPATH\Controllers\Ventas_controller.php(31): CodeIgniter\Debug\Exceptions->errorHandler(2, 'Undefined array key "stock"', 'C:\\xampp\\htdocs\\proyecto_MinoGomez_MoralesLopez\\app\\Controllers\\Ventas_controller.php', 31)
 2 SYSTEMPATH\CodeIgniter.php(933): App\Controllers\Ventas_controller->registrar_venta()
 3 SYSTEMPATH\CodeIgniter.php(507): CodeIgniter\CodeIgniter->runController(Object(App\Controllers\Ventas_controller))
 4 SYSTEMPATH\CodeIgniter.php(354): CodeIgniter\CodeIgniter->handleRequest(null, Object(Config\Cache), false)
 5 SYSTEMPATH\Boot.php(334): CodeIgniter\CodeIgniter->run()
 6 SYSTEMPATH\Boot.php(67): CodeIgniter\Boot::runCodeIgniter(Object(CodeIgniter\CodeIgniter))
 7 FCPATH\index.php(56): CodeIgniter\Boot::bootWeb(Object(Config\Paths))
DEBUG - 2025-06-04 19:58:12 --> Session: Class initialized using 'CodeIgniter\Session\Handlers\FileHandler' driver.
INFO - 2025-06-04 19:58:12 --> Cart Class Initialized
DEBUG - 2025-06-04 19:59:36 --> Session: Class initialized using 'CodeIgniter\Session\Handlers\FileHandler' driver.
DEBUG - 2025-06-04 19:59:38 --> Session: Class initialized using 'CodeIgniter\Session\Handlers\FileHandler' driver.
INFO - 2025-06-04 19:59:38 --> Cart Class Initialized
DEBUG - 2025-06-04 19:59:40 --> Session: Class initialized using 'CodeIgniter\Session\Handlers\FileHandler' driver.
INFO - 2025-06-04 19:59:40 --> Cart Class Initialized
DEBUG - 2025-06-04 19:59:57 --> Session: Class initialized using 'CodeIgniter\Session\Handlers\FileHandler' driver.
INFO - 2025-06-04 19:59:57 --> Cart Class Initialized
CRITICAL - 2025-06-04 19:59:57 --> ErrorException: Undefined array key "stock"
[Method: GET, Route: confirmar_compra]
in APPPATH\Controllers\Ventas_controller.php on line 31.
 1 APPPATH\Controllers\Ventas_controller.php(31): CodeIgniter\Debug\Exceptions->errorHandler(2, 'Undefined array key "stock"', 'C:\\xampp\\htdocs\\proyecto_MinoGomez_MoralesLopez\\app\\Controllers\\Ventas_controller.php', 31)
 2 SYSTEMPATH\CodeIgniter.php(933): App\Controllers\Ventas_controller->registrar_venta()
 3 SYSTEMPATH\CodeIgniter.php(507): CodeIgniter\CodeIgniter->runController(Object(App\Controllers\Ventas_controller))
 4 SYSTEMPATH\CodeIgniter.php(354): CodeIgniter\CodeIgniter->handleRequest(null, Object(Config\Cache), false)
 5 SYSTEMPATH\Boot.php(334): CodeIgniter\CodeIgniter->run()
 6 SYSTEMPATH\Boot.php(67): CodeIgniter\Boot::runCodeIgniter(Object(CodeIgniter\CodeIgniter))
 7 FCPATH\index.php(56): CodeIgniter\Boot::bootWeb(Object(Config\Paths))
DEBUG - 2025-06-04 20:00:59 --> Session: Class initialized using 'CodeIgniter\Session\Handlers\FileHandler' driver.
INFO - 2025-06-04 20:00:59 --> Cart Class Initialized
DEBUG - 2025-06-04 20:01:01 --> Session: Class initialized using 'CodeIgniter\Session\Handlers\FileHandler' driver.
INFO - 2025-06-04 20:01:01 --> Cart Class Initialized
DEBUG - 2025-06-04 20:02:24 --> Session: Class initialized using 'CodeIgniter\Session\Handlers\FileHandler' driver.
INFO - 2025-06-04 20:02:24 --> Cart Class Initialized
CRITICAL - 2025-06-04 20:02:24 --> ErrorException: Undefined array key "stock"
[Method: GET, Route: confirmar_compra]
in APPPATH\Controllers\Ventas_controller.php on line 31.
 1 APPPATH\Controllers\Ventas_controller.php(31): CodeIgniter\Debug\Exceptions->errorHandler(2, 'Undefined array key "stock"', 'C:\\xampp\\htdocs\\proyecto_MinoGomez_MoralesLopez\\app\\Controllers\\Ventas_controller.php', 31)
 2 SYSTEMPATH\CodeIgniter.php(933): App\Controllers\Ventas_controller->registrar_venta()
 3 SYSTEMPATH\CodeIgniter.php(507): CodeIgniter\CodeIgniter->runController(Object(App\Controllers\Ventas_controller))
 4 SYSTEMPATH\CodeIgniter.php(354): CodeIgniter\CodeIgniter->handleRequest(null, Object(Config\Cache), false)
 5 SYSTEMPATH\Boot.php(334): CodeIgniter\CodeIgniter->run()
 6 SYSTEMPATH\Boot.php(67): CodeIgniter\Boot::runCodeIgniter(Object(CodeIgniter\CodeIgniter))
 7 FCPATH\index.php(56): CodeIgniter\Boot::bootWeb(Object(Config\Paths))
DEBUG - 2025-06-04 20:02:40 --> Session: Class initialized using 'CodeIgniter\Session\Handlers\FileHandler' driver.
INFO - 2025-06-04 20:02:40 --> Cart Class Initialized
CRITICAL - 2025-06-04 20:02:40 --> ErrorException: Array to string conversion
[Method: GET, Route: confirmar_compra]
in APPPATH\Controllers\Ventas_controller.php on line 31.
 1 APPPATH\Controllers\Ventas_controller.php(31): CodeIgniter\Debug\Exceptions->errorHandler(2, 'Array to string conversion', 'C:\\xampp\\htdocs\\proyecto_MinoGomez_MoralesLopez\\app\\Controllers\\Ventas_controller.php', 31)
 2 SYSTEMPATH\CodeIgniter.php(933): App\Controllers\Ventas_controller->registrar_venta()
 3 SYSTEMPATH\CodeIgniter.php(507): CodeIgniter\CodeIgniter->runController(Object(App\Controllers\Ventas_controller))
 4 SYSTEMPATH\CodeIgniter.php(354): CodeIgniter\CodeIgniter->handleRequest(null, Object(Config\Cache), false)
 5 SYSTEMPATH\Boot.php(334): CodeIgniter\CodeIgniter->run()
 6 SYSTEMPATH\Boot.php(67): CodeIgniter\Boot::runCodeIgniter(Object(CodeIgniter\CodeIgniter))
 7 FCPATH\index.php(56): CodeIgniter\Boot::bootWeb(Object(Config\Paths))
DEBUG - 2025-06-04 20:07:04 --> Session: Class initialized using 'CodeIgniter\Session\Handlers\FileHandler' driver.
INFO - 2025-06-04 20:07:04 --> Cart Class Initialized
DEBUG - 2025-06-04 20:07:05 --> Session: Class initialized using 'CodeIgniter\Session\Handlers\FileHandler' driver.
INFO - 2025-06-04 20:07:05 --> Cart Class Initialized
DEBUG - 2025-06-04 20:07:18 --> Session: Class initialized using 'CodeIgniter\Session\Handlers\FileHandler' driver.
INFO - 2025-06-04 20:07:18 --> Cart Class Initialized
DEBUG - 2025-06-04 20:07:20 --> Session: Class initialized using 'CodeIgniter\Session\Handlers\FileHandler' driver.
INFO - 2025-06-04 20:07:20 --> Cart Class Initialized
DEBUG - 2025-06-04 20:07:20 --> Session: Class initialized using 'CodeIgniter\Session\Handlers\FileHandler' driver.
INFO - 2025-06-04 20:07:20 --> Cart Class Initialized
DEBUG - 2025-06-04 20:07:21 --> Session: Class initialized using 'CodeIgniter\Session\Handlers\FileHandler' driver.
INFO - 2025-06-04 20:07:21 --> Cart Class Initialized
DEBUG - 2025-06-04 20:07:21 --> Session: Class initialized using 'CodeIgniter\Session\Handlers\FileHandler' driver.
INFO - 2025-06-04 20:07:21 --> Cart Class Initialized
DEBUG - 2025-06-04 20:07:54 --> Session: Class initialized using 'CodeIgniter\Session\Handlers\FileHandler' driver.
INFO - 2025-06-04 20:07:54 --> Cart Class Initialized
CRITICAL - 2025-06-04 20:07:54 --> ErrorException: Undefined array key "stock"
[Method: GET, Route: confirmar_compra]
in APPPATH\Controllers\Ventas_controller.php on line 32.
 1 APPPATH\Controllers\Ventas_controller.php(32): CodeIgniter\Debug\Exceptions->errorHandler(2, 'Undefined array key "stock"', 'C:\\xampp\\htdocs\\proyecto_MinoGomez_MoralesLopez\\app\\Controllers\\Ventas_controller.php', 32)
 2 SYSTEMPATH\CodeIgniter.php(933): App\Controllers\Ventas_controller->registrar_venta()
 3 SYSTEMPATH\CodeIgniter.php(507): CodeIgniter\CodeIgniter->runController(Object(App\Controllers\Ventas_controller))
 4 SYSTEMPATH\CodeIgniter.php(354): CodeIgniter\CodeIgniter->handleRequest(null, Object(Config\Cache), false)
 5 SYSTEMPATH\Boot.php(334): CodeIgniter\CodeIgniter->run()
 6 SYSTEMPATH\Boot.php(67): CodeIgniter\Boot::runCodeIgniter(Object(CodeIgniter\CodeIgniter))
 7 FCPATH\index.php(56): CodeIgniter\Boot::bootWeb(Object(Config\Paths))
DEBUG - 2025-06-04 20:08:28 --> Session: Class initialized using 'CodeIgniter\Session\Handlers\FileHandler' driver.
INFO - 2025-06-04 20:08:28 --> Cart Class Initialized
DEBUG - 2025-06-04 20:08:30 --> Session: Class initialized using 'CodeIgniter\Session\Handlers\FileHandler' driver.
INFO - 2025-06-04 20:08:30 --> Cart Class Initialized
DEBUG - 2025-06-04 20:08:33 --> Session: Class initialized using 'CodeIgniter\Session\Handlers\FileHandler' driver.
INFO - 2025-06-04 20:08:33 --> Cart Class Initialized
DEBUG - 2025-06-04 20:08:34 --> Session: Class initialized using 'CodeIgniter\Session\Handlers\FileHandler' driver.
INFO - 2025-06-04 20:08:34 --> Cart Class Initialized
DEBUG - 2025-06-04 20:08:36 --> Session: Class initialized using 'CodeIgniter\Session\Handlers\FileHandler' driver.
INFO - 2025-06-04 20:08:36 --> Cart Class Initialized
CRITICAL - 2025-06-04 20:08:36 --> ErrorException: Undefined array key "stock"
[Method: GET, Route: confirmar_compra]
in APPPATH\Controllers\Ventas_controller.php on line 32.
 1 APPPATH\Controllers\Ventas_controller.php(32): CodeIgniter\Debug\Exceptions->errorHandler(2, 'Undefined array key "stock"', 'C:\\xampp\\htdocs\\proyecto_MinoGomez_MoralesLopez\\app\\Controllers\\Ventas_controller.php', 32)
 2 SYSTEMPATH\CodeIgniter.php(933): App\Controllers\Ventas_controller->registrar_venta()
 3 SYSTEMPATH\CodeIgniter.php(507): CodeIgniter\CodeIgniter->runController(Object(App\Controllers\Ventas_controller))
 4 SYSTEMPATH\CodeIgniter.php(354): CodeIgniter\CodeIgniter->handleRequest(null, Object(Config\Cache), false)
 5 SYSTEMPATH\Boot.php(334): CodeIgniter\CodeIgniter->run()
 6 SYSTEMPATH\Boot.php(67): CodeIgniter\Boot::runCodeIgniter(Object(CodeIgniter\CodeIgniter))
 7 FCPATH\index.php(56): CodeIgniter\Boot::bootWeb(Object(Config\Paths))
DEBUG - 2025-06-04 20:11:20 --> Session: Class initialized using 'CodeIgniter\Session\Handlers\FileHandler' driver.
DEBUG - 2025-06-04 20:11:23 --> Session: Class initialized using 'CodeIgniter\Session\Handlers\FileHandler' driver.
INFO - 2025-06-04 20:11:23 --> Cart Class Initialized
DEBUG - 2025-06-04 20:11:26 --> Session: Class initialized using 'CodeIgniter\Session\Handlers\FileHandler' driver.
DEBUG - 2025-06-04 20:11:26 --> Session: Class initialized using 'CodeIgniter\Session\Handlers\FileHandler' driver.
DEBUG - 2025-06-04 20:11:52 --> Session: Class initialized using 'CodeIgniter\Session\Handlers\FileHandler' driver.
DEBUG - 2025-06-04 20:11:56 --> Session: Class initialized using 'CodeIgniter\Session\Handlers\FileHandler' driver.
DEBUG - 2025-06-04 20:11:56 --> Session: Class initialized using 'CodeIgniter\Session\Handlers\FileHandler' driver.
DEBUG - 2025-06-04 20:11:59 --> Session: Class initialized using 'CodeIgniter\Session\Handlers\FileHandler' driver.
INFO - 2025-06-04 20:11:59 --> Cart Class Initialized
DEBUG - 2025-06-04 20:12:02 --> Session: Class initialized using 'CodeIgniter\Session\Handlers\FileHandler' driver.
INFO - 2025-06-04 20:12:02 --> Cart Class Initialized
DEBUG - 2025-06-04 20:12:03 --> Session: Class initialized using 'CodeIgniter\Session\Handlers\FileHandler' driver.
INFO - 2025-06-04 20:12:03 --> Cart Class Initialized
DEBUG - 2025-06-04 20:12:04 --> Session: Class initialized using 'CodeIgniter\Session\Handlers\FileHandler' driver.
INFO - 2025-06-04 20:12:04 --> Cart Class Initialized
DEBUG - 2025-06-04 20:12:06 --> Session: Class initialized using 'CodeIgniter\Session\Handlers\FileHandler' driver.
INFO - 2025-06-04 20:12:06 --> Cart Class Initialized
CRITICAL - 2025-06-04 20:12:06 --> ErrorException: Undefined array key "stock"
[Method: GET, Route: confirmar_compra]
in APPPATH\Controllers\Ventas_controller.php on line 32.
 1 APPPATH\Controllers\Ventas_controller.php(32): CodeIgniter\Debug\Exceptions->errorHandler(2, 'Undefined array key "stock"', 'C:\\xampp\\htdocs\\proyecto_MinoGomez_MoralesLopez\\app\\Controllers\\Ventas_controller.php', 32)
 2 SYSTEMPATH\CodeIgniter.php(933): App\Controllers\Ventas_controller->registrar_venta()
 3 SYSTEMPATH\CodeIgniter.php(507): CodeIgniter\CodeIgniter->runController(Object(App\Controllers\Ventas_controller))
 4 SYSTEMPATH\CodeIgniter.php(354): CodeIgniter\CodeIgniter->handleRequest(null, Object(Config\Cache), false)
 5 SYSTEMPATH\Boot.php(334): CodeIgniter\CodeIgniter->run()
 6 SYSTEMPATH\Boot.php(67): CodeIgniter\Boot::runCodeIgniter(Object(CodeIgniter\CodeIgniter))
 7 FCPATH\index.php(56): CodeIgniter\Boot::bootWeb(Object(Config\Paths))
DEBUG - 2025-06-04 20:12:53 --> Session: Class initialized using 'CodeIgniter\Session\Handlers\FileHandler' driver.
INFO - 2025-06-04 20:12:53 --> Cart Class Initialized
DEBUG - 2025-06-04 20:12:54 --> Session: Class initialized using 'CodeIgniter\Session\Handlers\FileHandler' driver.
INFO - 2025-06-04 20:12:54 --> Cart Class Initialized
DEBUG - 2025-06-04 20:13:44 --> Session: Class initialized using 'CodeIgniter\Session\Handlers\FileHandler' driver.
INFO - 2025-06-04 20:13:44 --> Cart Class Initialized
DEBUG - 2025-06-04 20:13:46 --> Session: Class initialized using 'CodeIgniter\Session\Handlers\FileHandler' driver.
INFO - 2025-06-04 20:13:46 --> Cart Class Initialized
CRITICAL - 2025-06-04 20:13:46 --> ErrorException: Undefined array key "stock"
[Method: GET, Route: confirmar_compra]
in APPPATH\Controllers\Ventas_controller.php on line 33.
 1 APPPATH\Controllers\Ventas_controller.php(33): CodeIgniter\Debug\Exceptions->errorHandler(2, 'Undefined array key "stock"', 'C:\\xampp\\htdocs\\proyecto_MinoGomez_MoralesLopez\\app\\Controllers\\Ventas_controller.php', 33)
 2 SYSTEMPATH\CodeIgniter.php(933): App\Controllers\Ventas_controller->registrar_venta()
 3 SYSTEMPATH\CodeIgniter.php(507): CodeIgniter\CodeIgniter->runController(Object(App\Controllers\Ventas_controller))
 4 SYSTEMPATH\CodeIgniter.php(354): CodeIgniter\CodeIgniter->handleRequest(null, Object(Config\Cache), false)
 5 SYSTEMPATH\Boot.php(334): CodeIgniter\CodeIgniter->run()
 6 SYSTEMPATH\Boot.php(67): CodeIgniter\Boot::runCodeIgniter(Object(CodeIgniter\CodeIgniter))
 7 FCPATH\index.php(56): CodeIgniter\Boot::bootWeb(Object(Config\Paths))
DEBUG - 2025-06-04 20:24:28 --> Session: Class initialized using 'CodeIgniter\Session\Handlers\FileHandler' driver.
DEBUG - 2025-06-04 20:24:59 --> Session: Class initialized using 'CodeIgniter\Session\Handlers\FileHandler' driver.
INFO - 2025-06-04 20:24:59 --> Cart Class Initialized
DEBUG - 2025-06-04 20:25:05 --> Session: Class initialized using 'CodeIgniter\Session\Handlers\FileHandler' driver.
INFO - 2025-06-04 20:25:05 --> Cart Class Initialized
CRITICAL - 2025-06-04 20:25:05 --> ErrorException: Undefined array key "stock"
[Method: GET, Route: confirmar_compra]
in APPPATH\Controllers\Ventas_controller.php on line 33.
 1 APPPATH\Controllers\Ventas_controller.php(33): CodeIgniter\Debug\Exceptions->errorHandler(2, 'Undefined array key "stock"', 'C:\\xampp\\htdocs\\proyecto_MinoGomez_MoralesLopez\\app\\Controllers\\Ventas_controller.php', 33)
 2 SYSTEMPATH\CodeIgniter.php(933): App\Controllers\Ventas_controller->registrar_venta()
 3 SYSTEMPATH\CodeIgniter.php(507): CodeIgniter\CodeIgniter->runController(Object(App\Controllers\Ventas_controller))
 4 SYSTEMPATH\CodeIgniter.php(354): CodeIgniter\CodeIgniter->handleRequest(null, Object(Config\Cache), false)
 5 SYSTEMPATH\Boot.php(334): CodeIgniter\CodeIgniter->run()
 6 SYSTEMPATH\Boot.php(67): CodeIgniter\Boot::runCodeIgniter(Object(CodeIgniter\CodeIgniter))
 7 FCPATH\index.php(56): CodeIgniter\Boot::bootWeb(Object(Config\Paths))
DEBUG - 2025-06-04 20:25:58 --> Session: Class initialized using 'CodeIgniter\Session\Handlers\FileHandler' driver.
DEBUG - 2025-06-04 20:26:00 --> Session: Class initialized using 'CodeIgniter\Session\Handlers\FileHandler' driver.
INFO - 2025-06-04 20:26:00 --> Cart Class Initialized
DEBUG - 2025-06-04 20:26:02 --> Session: Class initialized using 'CodeIgniter\Session\Handlers\FileHandler' driver.
INFO - 2025-06-04 20:26:02 --> Cart Class Initialized
CRITICAL - 2025-06-04 20:26:02 --> ErrorException: Undefined array key "stock"
[Method: GET, Route: confirmar_compra]
in APPPATH\Controllers\Ventas_controller.php on line 33.
 1 APPPATH\Controllers\Ventas_controller.php(33): CodeIgniter\Debug\Exceptions->errorHandler(2, 'Undefined array key "stock"', 'C:\\xampp\\htdocs\\proyecto_MinoGomez_MoralesLopez\\app\\Controllers\\Ventas_controller.php', 33)
 2 SYSTEMPATH\CodeIgniter.php(933): App\Controllers\Ventas_controller->registrar_venta()
 3 SYSTEMPATH\CodeIgniter.php(507): CodeIgniter\CodeIgniter->runController(Object(App\Controllers\Ventas_controller))
 4 SYSTEMPATH\CodeIgniter.php(354): CodeIgniter\CodeIgniter->handleRequest(null, Object(Config\Cache), false)
 5 SYSTEMPATH\Boot.php(334): CodeIgniter\CodeIgniter->run()
 6 SYSTEMPATH\Boot.php(67): CodeIgniter\Boot::runCodeIgniter(Object(CodeIgniter\CodeIgniter))
 7 FCPATH\index.php(56): CodeIgniter\Boot::bootWeb(Object(Config\Paths))
DEBUG - 2025-06-04 20:27:49 --> Session: Class initialized using 'CodeIgniter\Session\Handlers\FileHandler' driver.
INFO - 2025-06-04 20:27:49 --> Cart Class Initialized
DEBUG - 2025-06-04 20:27:52 --> Session: Class initialized using 'CodeIgniter\Session\Handlers\FileHandler' driver.
INFO - 2025-06-04 20:27:52 --> Cart Class Initialized
DEBUG - 2025-06-04 20:27:52 --> Session: Class initialized using 'CodeIgniter\Session\Handlers\FileHandler' driver.
INFO - 2025-06-04 20:27:52 --> Cart Class Initialized
DEBUG - 2025-06-04 20:28:04 --> Session: Class initialized using 'CodeIgniter\Session\Handlers\FileHandler' driver.
INFO - 2025-06-04 20:28:04 --> Cart Class Initialized
DEBUG - 2025-06-04 20:28:07 --> Session: Class initialized using 'CodeIgniter\Session\Handlers\FileHandler' driver.
INFO - 2025-06-04 20:28:07 --> Cart Class Initialized
DEBUG - 2025-06-04 20:28:07 --> Session: Class initialized using 'CodeIgniter\Session\Handlers\FileHandler' driver.
INFO - 2025-06-04 20:28:07 --> Cart Class Initialized
DEBUG - 2025-06-04 20:28:09 --> Session: Class initialized using 'CodeIgniter\Session\Handlers\FileHandler' driver.
INFO - 2025-06-04 20:28:10 --> Cart Class Initialized
DEBUG - 2025-06-04 20:28:12 --> Session: Class initialized using 'CodeIgniter\Session\Handlers\FileHandler' driver.
INFO - 2025-06-04 20:28:12 --> Cart Class Initialized
DEBUG - 2025-06-04 20:28:13 --> Session: Class initialized using 'CodeIgniter\Session\Handlers\FileHandler' driver.
INFO - 2025-06-04 20:28:13 --> Cart Class Initialized
DEBUG - 2025-06-04 20:32:04 --> Session: Class initialized using 'CodeIgniter\Session\Handlers\FileHandler' driver.
INFO - 2025-06-04 20:32:04 --> Cart Class Initialized
DEBUG - 2025-06-04 20:32:05 --> Session: Class initialized using 'CodeIgniter\Session\Handlers\FileHandler' driver.
INFO - 2025-06-04 20:32:05 --> Cart Class Initialized
DEBUG - 2025-06-04 20:32:10 --> Session: Class initialized using 'CodeIgniter\Session\Handlers\FileHandler' driver.
INFO - 2025-06-04 20:32:10 --> Cart Class Initialized
DEBUG - 2025-06-04 20:32:10 --> Session: Class initialized using 'CodeIgniter\Session\Handlers\FileHandler' driver.
INFO - 2025-06-04 20:32:10 --> Cart Class Initialized
DEBUG - 2025-06-04 20:32:12 --> Session: Class initialized using 'CodeIgniter\Session\Handlers\FileHandler' driver.
INFO - 2025-06-04 20:32:12 --> Cart Class Initialized
DEBUG - 2025-06-04 20:32:14 --> Session: Class initialized using 'CodeIgniter\Session\Handlers\FileHandler' driver.
INFO - 2025-06-04 20:32:14 --> Cart Class Initialized
DEBUG - 2025-06-04 20:32:42 --> Session: Class initialized using 'CodeIgniter\Session\Handlers\FileHandler' driver.
INFO - 2025-06-04 20:32:42 --> Cart Class Initialized
DEBUG - 2025-06-04 20:33:34 --> Session: Class initialized using 'CodeIgniter\Session\Handlers\FileHandler' driver.
INFO - 2025-06-04 20:33:34 --> Cart Class Initialized
DEBUG - 2025-06-04 20:33:54 --> Session: Class initialized using 'CodeIgniter\Session\Handlers\FileHandler' driver.
INFO - 2025-06-04 20:33:54 --> Cart Class Initialized
DEBUG - 2025-06-04 20:34:15 --> Session: Class initialized using 'CodeIgniter\Session\Handlers\FileHandler' driver.
INFO - 2025-06-04 20:34:15 --> Cart Class Initialized
DEBUG - 2025-06-04 20:34:17 --> Session: Class initialized using 'CodeIgniter\Session\Handlers\FileHandler' driver.
INFO - 2025-06-04 20:34:17 --> Cart Class Initialized
CRITICAL - 2025-06-04 20:34:17 --> ErrorException: Undefined array key "stock"
[Method: GET, Route: confirmar_compra]
in APPPATH\Controllers\Ventas_controller.php on line 72.
 1 APPPATH\Controllers\Ventas_controller.php(72): CodeIgniter\Debug\Exceptions->errorHandler(2, 'Undefined array key "stock"', 'C:\\xampp\\htdocs\\proyecto_MinoGomez_MoralesLopez\\app\\Controllers\\Ventas_controller.php', 72)
 2 SYSTEMPATH\CodeIgniter.php(933): App\Controllers\Ventas_controller->registrar_venta()
 3 SYSTEMPATH\CodeIgniter.php(507): CodeIgniter\CodeIgniter->runController(Object(App\Controllers\Ventas_controller))
 4 SYSTEMPATH\CodeIgniter.php(354): CodeIgniter\CodeIgniter->handleRequest(null, Object(Config\Cache), false)
 5 SYSTEMPATH\Boot.php(334): CodeIgniter\CodeIgniter->run()
 6 SYSTEMPATH\Boot.php(67): CodeIgniter\Boot::runCodeIgniter(Object(CodeIgniter\CodeIgniter))
 7 FCPATH\index.php(56): CodeIgniter\Boot::bootWeb(Object(Config\Paths))
DEBUG - 2025-06-04 20:34:56 --> Session: Class initialized using 'CodeIgniter\Session\Handlers\FileHandler' driver.
INFO - 2025-06-04 20:34:56 --> Cart Class Initialized
DEBUG - 2025-06-04 20:34:58 --> Session: Class initialized using 'CodeIgniter\Session\Handlers\FileHandler' driver.
INFO - 2025-06-04 20:34:58 --> Cart Class Initialized
CRITICAL - 2025-06-04 20:34:58 --> CodeIgniter\Exceptions\BadMethodCallException: Call to undefined method App\Models\Productos_model::updateStock
[Method: GET, Route: confirmar_compra]
in SYSTEMPATH\Model.php on line 930.
 1 APPPATH\Controllers\Ventas_controller.php(72): CodeIgniter\Model->__call('updateStock', [...])
 2 SYSTEMPATH\CodeIgniter.php(933): App\Controllers\Ventas_controller->registrar_venta()
 3 SYSTEMPATH\CodeIgniter.php(507): CodeIgniter\CodeIgniter->runController(Object(App\Controllers\Ventas_controller))
 4 SYSTEMPATH\CodeIgniter.php(354): CodeIgniter\CodeIgniter->handleRequest(null, Object(Config\Cache), false)
 5 SYSTEMPATH\Boot.php(334): CodeIgniter\CodeIgniter->run()
 6 SYSTEMPATH\Boot.php(67): CodeIgniter\Boot::runCodeIgniter(Object(CodeIgniter\CodeIgniter))
 7 FCPATH\index.php(56): CodeIgniter\Boot::bootWeb(Object(Config\Paths))
DEBUG - 2025-06-04 20:35:58 --> Session: Class initialized using 'CodeIgniter\Session\Handlers\FileHandler' driver.
INFO - 2025-06-04 20:35:58 --> Cart Class Initialized
CRITICAL - 2025-06-04 20:35:58 --> CodeIgniter\Exceptions\BadMethodCallException: Call to undefined method App\Models\Productos_model::updateStock
[Method: GET, Route: confirmar_compra]
in SYSTEMPATH\Model.php on line 930.
 1 APPPATH\Controllers\Ventas_controller.php(72): CodeIgniter\Model->__call('updateStock', [...])
 2 SYSTEMPATH\CodeIgniter.php(933): App\Controllers\Ventas_controller->registrar_venta()
 3 SYSTEMPATH\CodeIgniter.php(507): CodeIgniter\CodeIgniter->runController(Object(App\Controllers\Ventas_controller))
 4 SYSTEMPATH\CodeIgniter.php(354): CodeIgniter\CodeIgniter->handleRequest(null, Object(Config\Cache), false)
 5 SYSTEMPATH\Boot.php(334): CodeIgniter\CodeIgniter->run()
 6 SYSTEMPATH\Boot.php(67): CodeIgniter\Boot::runCodeIgniter(Object(CodeIgniter\CodeIgniter))
 7 FCPATH\index.php(56): CodeIgniter\Boot::bootWeb(Object(Config\Paths))
DEBUG - 2025-06-04 20:36:17 --> Session: Class initialized using 'CodeIgniter\Session\Handlers\FileHandler' driver.
INFO - 2025-06-04 20:36:17 --> Cart Class Initialized
DEBUG - 2025-06-04 20:36:18 --> Session: Class initialized using 'CodeIgniter\Session\Handlers\FileHandler' driver.
INFO - 2025-06-04 20:36:18 --> Cart Class Initialized
DEBUG - 2025-06-04 20:38:34 --> Session: Class initialized using 'CodeIgniter\Session\Handlers\FileHandler' driver.
INFO - 2025-06-04 20:38:34 --> Cart Class Initialized
DEBUG - 2025-06-04 20:38:36 --> Session: Class initialized using 'CodeIgniter\Session\Handlers\FileHandler' driver.
INFO - 2025-06-04 20:38:36 --> Cart Class Initialized
DEBUG - 2025-06-04 20:38:40 --> Session: Class initialized using 'CodeIgniter\Session\Handlers\FileHandler' driver.
INFO - 2025-06-04 20:38:40 --> Cart Class Initialized
DEBUG - 2025-06-04 20:38:45 --> Session: Class initialized using 'CodeIgniter\Session\Handlers\FileHandler' driver.
INFO - 2025-06-04 20:38:45 --> Cart Class Initialized
DEBUG - 2025-06-04 20:38:45 --> Session: Class initialized using 'CodeIgniter\Session\Handlers\FileHandler' driver.
INFO - 2025-06-04 20:38:45 --> Cart Class Initialized
DEBUG - 2025-06-04 20:38:48 --> Session: Class initialized using 'CodeIgniter\Session\Handlers\FileHandler' driver.
INFO - 2025-06-04 20:38:48 --> Cart Class Initialized
DEBUG - 2025-06-04 20:38:49 --> Session: Class initialized using 'CodeIgniter\Session\Handlers\FileHandler' driver.
INFO - 2025-06-04 20:38:49 --> Cart Class Initialized
DEBUG - 2025-06-04 20:39:05 --> Session: Class initialized using 'CodeIgniter\Session\Handlers\FileHandler' driver.
INFO - 2025-06-04 20:39:05 --> Cart Class Initialized
DEBUG - 2025-06-04 20:39:07 --> Session: Class initialized using 'CodeIgniter\Session\Handlers\FileHandler' driver.
INFO - 2025-06-04 20:39:07 --> Cart Class Initialized
DEBUG - 2025-06-04 20:39:11 --> Session: Class initialized using 'CodeIgniter\Session\Handlers\FileHandler' driver.
INFO - 2025-06-04 20:39:11 --> Cart Class Initialized
DEBUG - 2025-06-04 20:39:13 --> Session: Class initialized using 'CodeIgniter\Session\Handlers\FileHandler' driver.
INFO - 2025-06-04 20:39:13 --> Cart Class Initialized
DEBUG - 2025-06-04 20:39:13 --> Session: Class initialized using 'CodeIgniter\Session\Handlers\FileHandler' driver.
INFO - 2025-06-04 20:39:13 --> Cart Class Initialized
DEBUG - 2025-06-04 20:39:17 --> Session: Class initialized using 'CodeIgniter\Session\Handlers\FileHandler' driver.
INFO - 2025-06-04 20:39:17 --> Cart Class Initialized
DEBUG - 2025-06-04 20:39:18 --> Session: Class initialized using 'CodeIgniter\Session\Handlers\FileHandler' driver.
INFO - 2025-06-04 20:39:18 --> Cart Class Initialized
DEBUG - 2025-06-04 20:41:49 --> Session: Class initialized using 'CodeIgniter\Session\Handlers\FileHandler' driver.
INFO - 2025-06-04 20:41:49 --> Cart Class Initialized
DEBUG - 2025-06-04 20:41:53 --> Session: Class initialized using 'CodeIgniter\Session\Handlers\FileHandler' driver.
INFO - 2025-06-04 20:41:53 --> Cart Class Initialized
DEBUG - 2025-06-04 20:41:57 --> Session: Class initialized using 'CodeIgniter\Session\Handlers\FileHandler' driver.
INFO - 2025-06-04 20:41:57 --> Cart Class Initialized
DEBUG - 2025-06-04 20:42:01 --> Session: Class initialized using 'CodeIgniter\Session\Handlers\FileHandler' driver.
INFO - 2025-06-04 20:42:01 --> Cart Class Initialized
DEBUG - 2025-06-04 20:42:02 --> Session: Class initialized using 'CodeIgniter\Session\Handlers\FileHandler' driver.
INFO - 2025-06-04 20:42:02 --> Cart Class Initialized
DEBUG - 2025-06-04 20:42:04 --> Session: Class initialized using 'CodeIgniter\Session\Handlers\FileHandler' driver.
INFO - 2025-06-04 20:42:04 --> Cart Class Initialized
DEBUG - 2025-06-04 20:42:06 --> Session: Class initialized using 'CodeIgniter\Session\Handlers\FileHandler' driver.
INFO - 2025-06-04 20:42:06 --> Cart Class Initialized
DEBUG - 2025-06-04 20:42:07 --> Session: Class initialized using 'CodeIgniter\Session\Handlers\FileHandler' driver.
INFO - 2025-06-04 20:42:07 --> Cart Class Initialized
DEBUG - 2025-06-04 20:42:09 --> Session: Class initialized using 'CodeIgniter\Session\Handlers\FileHandler' driver.
INFO - 2025-06-04 20:42:09 --> Cart Class Initialized
DEBUG - 2025-06-04 20:42:10 --> Session: Class initialized using 'CodeIgniter\Session\Handlers\FileHandler' driver.
INFO - 2025-06-04 20:42:10 --> Cart Class Initialized
DEBUG - 2025-06-04 20:42:11 --> Session: Class initialized using 'CodeIgniter\Session\Handlers\FileHandler' driver.
INFO - 2025-06-04 20:42:11 --> Cart Class Initialized
DEBUG - 2025-06-04 20:42:11 --> Session: Class initialized using 'CodeIgniter\Session\Handlers\FileHandler' driver.
INFO - 2025-06-04 20:42:11 --> Cart Class Initialized
DEBUG - 2025-06-04 20:42:14 --> Session: Class initialized using 'CodeIgniter\Session\Handlers\FileHandler' driver.
INFO - 2025-06-04 20:42:14 --> Cart Class Initialized
DEBUG - 2025-06-04 20:42:17 --> Session: Class initialized using 'CodeIgniter\Session\Handlers\FileHandler' driver.
INFO - 2025-06-04 20:42:17 --> Cart Class Initialized
DEBUG - 2025-06-04 20:42:17 --> Session: Class initialized using 'CodeIgniter\Session\Handlers\FileHandler' driver.
INFO - 2025-06-04 20:42:17 --> Cart Class Initialized
DEBUG - 2025-06-04 20:42:18 --> Session: Class initialized using 'CodeIgniter\Session\Handlers\FileHandler' driver.
INFO - 2025-06-04 20:42:18 --> Cart Class Initialized
DEBUG - 2025-06-04 20:42:21 --> Session: Class initialized using 'CodeIgniter\Session\Handlers\FileHandler' driver.
INFO - 2025-06-04 20:42:21 --> Cart Class Initialized
DEBUG - 2025-06-04 20:42:21 --> Session: Class initialized using 'CodeIgniter\Session\Handlers\FileHandler' driver.
INFO - 2025-06-04 20:42:21 --> Cart Class Initialized
DEBUG - 2025-06-04 20:42:23 --> Session: Class initialized using 'CodeIgniter\Session\Handlers\FileHandler' driver.
INFO - 2025-06-04 20:42:23 --> Cart Class Initialized
DEBUG - 2025-06-04 20:42:30 --> Session: Class initialized using 'CodeIgniter\Session\Handlers\FileHandler' driver.
INFO - 2025-06-04 20:42:30 --> Cart Class Initialized
DEBUG - 2025-06-04 20:44:10 --> Session: Class initialized using 'CodeIgniter\Session\Handlers\FileHandler' driver.
INFO - 2025-06-04 20:44:10 --> Cart Class Initialized
DEBUG - 2025-06-04 20:44:10 --> Session: Class initialized using 'CodeIgniter\Session\Handlers\FileHandler' driver.
INFO - 2025-06-04 20:44:10 --> Cart Class Initialized
DEBUG - 2025-06-04 20:44:11 --> Session: Class initialized using 'CodeIgniter\Session\Handlers\FileHandler' driver.
INFO - 2025-06-04 20:44:11 --> Cart Class Initialized
DEBUG - 2025-06-04 20:44:13 --> Session: Class initialized using 'CodeIgniter\Session\Handlers\FileHandler' driver.
INFO - 2025-06-04 20:44:13 --> Cart Class Initialized
DEBUG - 2025-06-04 20:49:17 --> Session: Class initialized using 'CodeIgniter\Session\Handlers\FileHandler' driver.
INFO - 2025-06-04 20:49:17 --> Cart Class Initialized
DEBUG - 2025-06-04 20:49:19 --> Session: Class initialized using 'CodeIgniter\Session\Handlers\FileHandler' driver.
INFO - 2025-06-04 20:49:19 --> Cart Class Initialized
DEBUG - 2025-06-04 20:49:22 --> Session: Class initialized using 'CodeIgniter\Session\Handlers\FileHandler' driver.
INFO - 2025-06-04 20:49:22 --> Cart Class Initialized
DEBUG - 2025-06-04 20:49:23 --> Session: Class initialized using 'CodeIgniter\Session\Handlers\FileHandler' driver.
INFO - 2025-06-04 20:49:23 --> Cart Class Initialized
DEBUG - 2025-06-04 20:49:24 --> Session: Class initialized using 'CodeIgniter\Session\Handlers\FileHandler' driver.
INFO - 2025-06-04 20:49:24 --> Cart Class Initialized
DEBUG - 2025-06-04 20:49:26 --> Session: Class initialized using 'CodeIgniter\Session\Handlers\FileHandler' driver.
INFO - 2025-06-04 20:49:26 --> Cart Class Initialized
DEBUG - 2025-06-04 20:49:26 --> Session: Class initialized using 'CodeIgniter\Session\Handlers\FileHandler' driver.
CRITICAL - 2025-06-04 20:49:26 --> ErrorException: Undefined variable $cart
[Method: GET, Route: vista_compras/9]
in APPPATH\Views\back\compras\compras_view.php on line 19.
 1 APPPATH\Views\back\compras\compras_view.php(19): CodeIgniter\Debug\Exceptions->errorHandler(2, 'Undefined variable $cart', 'C:\\xampp\\htdocs\\proyecto_MinoGomez_MoralesLopez\\app\\Views\\back\\compras\\compras_view.php', 19)
 2 SYSTEMPATH\View\View.php(224): include('C:\\xampp\\htdocs\\proyecto_MinoGomez_MoralesLopez\\app\\Views\\back\\compras\\compras_view.php')
 3 SYSTEMPATH\View\View.php(227): CodeIgniter\View\View->CodeIgniter\View\{closure}()
 4 SYSTEMPATH\Common.php(1173): CodeIgniter\View\View->render('back\\compras\\compras_view', [], true)
 5 APPPATH\Controllers\Ventas_controller.php(88): view('back\\compras\\compras_view', [...])
 6 SYSTEMPATH\CodeIgniter.php(933): App\Controllers\Ventas_controller->ver_factura('9')
 7 SYSTEMPATH\CodeIgniter.php(507): CodeIgniter\CodeIgniter->runController(Object(App\Controllers\Ventas_controller))
 8 SYSTEMPATH\CodeIgniter.php(354): CodeIgniter\CodeIgniter->handleRequest(null, Object(Config\Cache), false)
 9 SYSTEMPATH\Boot.php(334): CodeIgniter\CodeIgniter->run()
10 SYSTEMPATH\Boot.php(67): CodeIgniter\Boot::runCodeIgniter(Object(CodeIgniter\CodeIgniter))
11 FCPATH\index.php(56): CodeIgniter\Boot::bootWeb(Object(Config\Paths))
DEBUG - 2025-06-04 20:51:54 --> Session: Class initialized using 'CodeIgniter\Session\Handlers\FileHandler' driver.
INFO - 2025-06-04 20:51:54 --> Cart Class Initialized
DEBUG - 2025-06-04 20:51:55 --> Session: Class initialized using 'CodeIgniter\Session\Handlers\FileHandler' driver.
INFO - 2025-06-04 20:51:55 --> Cart Class Initialized
DEBUG - 2025-06-04 20:51:58 --> Session: Class initialized using 'CodeIgniter\Session\Handlers\FileHandler' driver.
INFO - 2025-06-04 20:51:58 --> Cart Class Initialized
DEBUG - 2025-06-04 20:52:00 --> Session: Class initialized using 'CodeIgniter\Session\Handlers\FileHandler' driver.
INFO - 2025-06-04 20:52:00 --> Cart Class Initialized
DEBUG - 2025-06-04 20:52:00 --> Session: Class initialized using 'CodeIgniter\Session\Handlers\FileHandler' driver.
INFO - 2025-06-04 20:52:00 --> Cart Class Initialized
DEBUG - 2025-06-04 20:52:02 --> Session: Class initialized using 'CodeIgniter\Session\Handlers\FileHandler' driver.
INFO - 2025-06-04 20:52:02 --> Cart Class Initialized
DEBUG - 2025-06-04 20:52:08 --> Session: Class initialized using 'CodeIgniter\Session\Handlers\FileHandler' driver.
INFO - 2025-06-04 20:52:08 --> Cart Class Initialized
DEBUG - 2025-06-04 20:52:08 --> Session: Class initialized using 'CodeIgniter\Session\Handlers\FileHandler' driver.
CRITICAL - 2025-06-04 20:52:08 --> ErrorException: Undefined variable $cart
[Method: GET, Route: vista_compras/10]
in APPPATH\Views\back\compras\compras_view.php on line 19.
 1 APPPATH\Views\back\compras\compras_view.php(19): CodeIgniter\Debug\Exceptions->errorHandler(2, 'Undefined variable $cart', 'C:\\xampp\\htdocs\\proyecto_MinoGomez_MoralesLopez\\app\\Views\\back\\compras\\compras_view.php', 19)
 2 SYSTEMPATH\View\View.php(224): include('C:\\xampp\\htdocs\\proyecto_MinoGomez_MoralesLopez\\app\\Views\\back\\compras\\compras_view.php')
 3 SYSTEMPATH\View\View.php(227): CodeIgniter\View\View->CodeIgniter\View\{closure}()
 4 SYSTEMPATH\Common.php(1173): CodeIgniter\View\View->render('back\\compras\\compras_view', [], true)
 5 APPPATH\Controllers\Ventas_controller.php(88): view('back\\compras\\compras_view', [...])
 6 SYSTEMPATH\CodeIgniter.php(933): App\Controllers\Ventas_controller->ver_factura('10')
 7 SYSTEMPATH\CodeIgniter.php(507): CodeIgniter\CodeIgniter->runController(Object(App\Controllers\Ventas_controller))
 8 SYSTEMPATH\CodeIgniter.php(354): CodeIgniter\CodeIgniter->handleRequest(null, Object(Config\Cache), false)
 9 SYSTEMPATH\Boot.php(334): CodeIgniter\CodeIgniter->run()
10 SYSTEMPATH\Boot.php(67): CodeIgniter\Boot::runCodeIgniter(Object(CodeIgniter\CodeIgniter))
11 FCPATH\index.php(56): CodeIgniter\Boot::bootWeb(Object(Config\Paths))
DEBUG - 2025-06-04 20:56:10 --> Session: Class initialized using 'CodeIgniter\Session\Handlers\FileHandler' driver.
INFO - 2025-06-04 20:56:10 --> Cart Class Initialized
DEBUG - 2025-06-04 20:56:12 --> Session: Class initialized using 'CodeIgniter\Session\Handlers\FileHandler' driver.
INFO - 2025-06-04 20:56:12 --> Cart Class Initialized
DEBUG - 2025-06-04 20:56:14 --> Session: Class initialized using 'CodeIgniter\Session\Handlers\FileHandler' driver.
INFO - 2025-06-04 20:56:14 --> Cart Class Initialized
DEBUG - 2025-06-04 20:56:14 --> Session: Class initialized using 'CodeIgniter\Session\Handlers\FileHandler' driver.
INFO - 2025-06-04 20:56:14 --> Cart Class Initialized
DEBUG - 2025-06-04 20:56:17 --> Session: Class initialized using 'CodeIgniter\Session\Handlers\FileHandler' driver.
INFO - 2025-06-04 20:56:17 --> Cart Class Initialized
DEBUG - 2025-06-04 20:56:19 --> Session: Class initialized using 'CodeIgniter\Session\Handlers\FileHandler' driver.
INFO - 2025-06-04 20:56:19 --> Cart Class Initialized
DEBUG - 2025-06-04 20:56:19 --> Session: Class initialized using 'CodeIgniter\Session\Handlers\FileHandler' driver.
INFO - 2025-06-04 20:56:19 --> Cart Class Initialized
DEBUG - 2025-06-04 20:56:20 --> Session: Class initialized using 'CodeIgniter\Session\Handlers\FileHandler' driver.
INFO - 2025-06-04 20:56:20 --> Cart Class Initialized
DEBUG - 2025-06-04 20:56:20 --> Session: Class initialized using 'CodeIgniter\Session\Handlers\FileHandler' driver.
INFO - 2025-06-04 20:56:20 --> Cart Class Initialized
DEBUG - 2025-06-04 20:56:20 --> Session: Class initialized using 'CodeIgniter\Session\Handlers\FileHandler' driver.
INFO - 2025-06-04 20:56:20 --> Cart Class Initialized
DEBUG - 2025-06-04 20:56:20 --> Session: Class initialized using 'CodeIgniter\Session\Handlers\FileHandler' driver.
INFO - 2025-06-04 20:56:20 --> Cart Class Initialized
